{"/home/travis/build/npmtest/node-npmtest-ftp/test.js":{"path":"/home/travis/build/npmtest/node-npmtest-ftp/test.js","s":{"1":2,"2":2,"3":2,"4":2,"5":2,"6":2,"7":2,"8":1,"9":2,"10":2,"11":1,"12":1,"13":1,"14":1,"15":2,"16":2,"17":2,"18":2,"19":1,"20":1,"21":2,"22":2,"23":2,"24":1,"25":1,"26":1,"27":1,"28":1,"29":1,"30":1,"31":1,"32":1,"33":1,"34":1,"35":1,"36":1,"37":2,"38":2,"39":1,"40":2,"41":2,"42":1,"43":2,"44":2,"45":1,"46":2,"47":2,"48":1,"49":1,"50":1,"51":1,"52":1},"b":{"1":[2,1,1,1],"2":[1,1,1,1],"3":[1,1],"4":[1,1],"5":[1,1],"6":[1,1],"7":[1,1],"8":[1,1],"9":[1,1,1],"10":[1,1],"11":[1,1],"12":[1,1],"13":[1,1],"14":[1,1],"15":[1,1],"16":[1,1]},"f":{"1":2,"2":2,"3":2,"4":2,"5":2,"6":1,"7":1,"8":2,"9":2,"10":2,"11":2,"12":1},"fnMap":{"1":{"name":"(anonymous_1)","line":12,"loc":{"start":{"line":12,"column":1},"end":{"line":12,"column":13}}},"2":{"name":"(anonymous_2)","line":19,"loc":{"start":{"line":19,"column":5},"end":{"line":19,"column":17}}},"3":{"name":"(anonymous_3)","line":23,"loc":{"start":{"line":23,"column":24},"end":{"line":23,"column":36}}},"4":{"name":"(anonymous_4)","line":61,"loc":{"start":{"line":61,"column":5},"end":{"line":61,"column":17}}},"5":{"name":"(anonymous_5)","line":82,"loc":{"start":{"line":82,"column":5},"end":{"line":82,"column":17}}},"6":{"name":"(anonymous_6)","line":102,"loc":{"start":{"line":102,"column":83},"end":{"line":105,"column":10}},"skip":true},"7":{"name":"(anonymous_7)","line":113,"loc":{"start":{"line":113,"column":77},"end":{"line":116,"column":10}},"skip":true},"8":{"name":"(anonymous_8)","line":129,"loc":{"start":{"line":129,"column":12},"end":{"line":129,"column":40}},"skip":true},"9":{"name":"(anonymous_9)","line":137,"loc":{"start":{"line":137,"column":77},"end":{"line":140,"column":10}},"skip":true},"10":{"name":"(anonymous_10)","line":148,"loc":{"start":{"line":148,"column":83},"end":{"line":151,"column":10}},"skip":true},"11":{"name":"(anonymous_11)","line":159,"loc":{"start":{"line":159,"column":79},"end":{"line":162,"column":10}},"skip":true},"12":{"name":"(anonymous_12)","line":170,"loc":{"start":{"line":170,"column":75},"end":{"line":173,"column":10}},"skip":true}},"statementMap":{"1":{"start":{"line":12,"column":0},"end":{"line":185,"column":5}},"2":{"start":{"line":14,"column":4},"end":{"line":14,"column":14}},"3":{"start":{"line":19,"column":4},"end":{"line":56,"column":9}},"4":{"start":{"line":21,"column":8},"end":{"line":21,"column":19}},"5":{"start":{"line":23,"column":8},"end":{"line":35,"column":13}},"6":{"start":{"line":24,"column":12},"end":{"line":34,"column":13}},"7":{"start":{"line":25,"column":16},"end":{"line":28,"column":30}},"8":{"start":{"line":30,"column":16},"end":{"line":33,"column":27}},"9":{"start":{"line":37,"column":8},"end":{"line":39,"column":21}},"10":{"start":{"line":40,"column":8},"end":{"line":53,"column":9}},"11":{"start":{"line":43,"column":12},"end":{"line":46,"column":14}},"12":{"start":{"line":47,"column":12},"end":{"line":47,"column":18}},"13":{"start":{"line":50,"column":12},"end":{"line":51,"column":46}},"14":{"start":{"line":52,"column":12},"end":{"line":52,"column":18}},"15":{"start":{"line":55,"column":8},"end":{"line":55,"column":35}},"16":{"start":{"line":61,"column":4},"end":{"line":63,"column":9}},"17":{"start":{"line":62,"column":8},"end":{"line":62,"column":15}},"18":{"start":{"line":64,"column":4},"end":{"line":77,"column":5}},"19":{"start":{"line":70,"column":8},"end":{"line":70,"column":14}},"20":{"start":{"line":76,"column":8},"end":{"line":76,"column":14}},"21":{"start":{"line":82,"column":4},"end":{"line":84,"column":9}},"22":{"start":{"line":83,"column":8},"end":{"line":83,"column":15}},"23":{"start":{"line":85,"column":4},"end":{"line":184,"column":5}},"24":{"start":{"line":92,"column":8},"end":{"line":94,"column":63}},"25":{"start":{"line":95,"column":8},"end":{"line":95,"column":14}},"26":{"start":{"line":102,"column":8},"end":{"line":111,"column":10},"skip":true},"27":{"start":{"line":109,"column":12},"end":{"line":109,"column":55},"skip":true},"28":{"start":{"line":110,"column":12},"end":{"line":110,"column":48},"skip":true},"29":{"start":{"line":113,"column":8},"end":{"line":126,"column":10},"skip":true},"30":{"start":{"line":120,"column":12},"end":{"line":120,"column":76},"skip":true},"31":{"start":{"line":121,"column":12},"end":{"line":121,"column":73},"skip":true},"32":{"start":{"line":122,"column":12},"end":{"line":122,"column":74},"skip":true},"33":{"start":{"line":123,"column":12},"end":{"line":123,"column":79},"skip":true},"34":{"start":{"line":124,"column":12},"end":{"line":124,"column":25},"skip":true},"35":{"start":{"line":125,"column":12},"end":{"line":125,"column":45},"skip":true},"36":{"start":{"line":128,"column":8},"end":{"line":135,"column":14},"skip":true},"37":{"start":{"line":133,"column":16},"end":{"line":133,"column":29},"skip":true},"38":{"start":{"line":134,"column":16},"end":{"line":134,"column":55},"skip":true},"39":{"start":{"line":137,"column":8},"end":{"line":146,"column":10},"skip":true},"40":{"start":{"line":144,"column":12},"end":{"line":144,"column":25},"skip":true},"41":{"start":{"line":145,"column":12},"end":{"line":145,"column":45},"skip":true},"42":{"start":{"line":148,"column":8},"end":{"line":157,"column":10},"skip":true},"43":{"start":{"line":155,"column":12},"end":{"line":155,"column":25},"skip":true},"44":{"start":{"line":156,"column":12},"end":{"line":156,"column":48},"skip":true},"45":{"start":{"line":159,"column":8},"end":{"line":168,"column":10},"skip":true},"46":{"start":{"line":166,"column":12},"end":{"line":166,"column":25},"skip":true},"47":{"start":{"line":167,"column":12},"end":{"line":167,"column":46},"skip":true},"48":{"start":{"line":170,"column":8},"end":{"line":179,"column":10},"skip":true},"49":{"start":{"line":177,"column":12},"end":{"line":177,"column":94},"skip":true},"50":{"start":{"line":178,"column":12},"end":{"line":178,"column":48},"skip":true},"51":{"start":{"line":182,"column":8},"end":{"line":182,"column":35},"skip":true},"52":{"start":{"line":183,"column":8},"end":{"line":183,"column":14},"skip":true}},"branchMap":{"1":{"line":25,"type":"binary-expr","locations":[{"start":{"line":25,"column":23},"end":{"line":25,"column":62}},{"start":{"line":26,"column":20},"end":{"line":26,"column":70}},{"start":{"line":27,"column":20},"end":{"line":27,"column":71}},{"start":{"line":28,"column":20},"end":{"line":28,"column":29}}]},"2":{"line":30,"type":"binary-expr","locations":[{"start":{"line":30,"column":23},"end":{"line":30,"column":37}},{"start":{"line":31,"column":20},"end":{"line":31,"column":61}},{"start":{"line":32,"column":20},"end":{"line":32,"column":70}},{"start":{"line":33,"column":20},"end":{"line":33,"column":26}}]},"3":{"line":37,"type":"cond-expr","locations":[{"start":{"line":38,"column":14},"end":{"line":38,"column":20}},{"start":{"line":39,"column":14},"end":{"line":39,"column":20}}]},"4":{"line":40,"type":"switch","locations":[{"start":{"line":42,"column":8},"end":{"line":47,"column":18}},{"start":{"line":49,"column":8},"end":{"line":52,"column":18}}]},"5":{"line":44,"type":"binary-expr","locations":[{"start":{"line":44,"column":16},"end":{"line":44,"column":44}},{"start":{"line":44,"column":48},"end":{"line":44,"column":66}}]},"6":{"line":50,"type":"binary-expr","locations":[{"start":{"line":50,"column":21},"end":{"line":50,"column":49}},{"start":{"line":50,"column":53},"end":{"line":50,"column":72}}]},"7":{"line":64,"type":"switch","locations":[{"start":{"line":69,"column":4},"end":{"line":70,"column":14}},{"start":{"line":75,"column":4},"end":{"line":76,"column":14}}]},"8":{"line":85,"type":"switch","locations":[{"start":{"line":90,"column":4},"end":{"line":95,"column":14}},{"start":{"line":101,"column":4},"end":{"line":183,"column":14},"skip":true}]},"9":{"line":92,"type":"binary-expr","locations":[{"start":{"line":92,"column":18},"end":{"line":92,"column":32}},{"start":{"line":93,"column":12},"end":{"line":93,"column":53}},{"start":{"line":94,"column":12},"end":{"line":94,"column":61}}]},"10":{"line":102,"type":"binary-expr","locations":[{"start":{"line":102,"column":45},"end":{"line":102,"column":79},"skip":true},{"start":{"line":102,"column":83},"end":{"line":111,"column":9},"skip":true}]},"11":{"line":113,"type":"binary-expr","locations":[{"start":{"line":113,"column":42},"end":{"line":113,"column":73},"skip":true},{"start":{"line":113,"column":77},"end":{"line":126,"column":9},"skip":true}]},"12":{"line":128,"type":"binary-expr","locations":[{"start":{"line":128,"column":48},"end":{"line":128,"column":85},"skip":true},{"start":{"line":129,"column":12},"end":{"line":135,"column":13},"skip":true}]},"13":{"line":137,"type":"binary-expr","locations":[{"start":{"line":137,"column":42},"end":{"line":137,"column":73},"skip":true},{"start":{"line":137,"column":77},"end":{"line":146,"column":9},"skip":true}]},"14":{"line":148,"type":"binary-expr","locations":[{"start":{"line":148,"column":45},"end":{"line":148,"column":79},"skip":true},{"start":{"line":148,"column":83},"end":{"line":157,"column":9},"skip":true}]},"15":{"line":159,"type":"binary-expr","locations":[{"start":{"line":159,"column":43},"end":{"line":159,"column":75},"skip":true},{"start":{"line":159,"column":79},"end":{"line":168,"column":9},"skip":true}]},"16":{"line":170,"type":"binary-expr","locations":[{"start":{"line":170,"column":41},"end":{"line":170,"column":71},"skip":true},{"start":{"line":170,"column":75},"end":{"line":179,"column":9},"skip":true}]}},"code":["/* istanbul instrument in package npmtest_ftp */","/*jslint","    bitwise: true,","    browser: true,","    maxerr: 8,","    maxlen: 96,","    node: true,","    nomen: true,","    regexp: true,","    stupid: true","*/","(function () {","    'use strict';","    var local;","","","","    // run shared js-env code - pre-init","    (function () {","        // init local","        local = {};","        // init modeJs","        local.modeJs = (function () {","            try {","                return typeof navigator.userAgent === 'string' &&","                    typeof document.querySelector('body') === 'object' &&","                    typeof XMLHttpRequest.prototype.open === 'function' &&","                    'browser';","            } catch (errorCaughtBrowser) {","                return module.exports &&","                    typeof process.versions.node === 'string' &&","                    typeof require('http').createServer === 'function' &&","                    'node';","            }","        }());","        // init global","        local.global = local.modeJs === 'browser'","            ? window","            : global;","        switch (local.modeJs) {","        // re-init local from window.local","        case 'browser':","            local = local.global.utility2.objectSetDefault(","                local.global.utility2_rollup || local.global.local,","                local.global.utility2","            );","            break;","        // re-init local from example.js","        case 'node':","            local = (local.global.utility2_rollup || require('utility2'))","                .requireExampleJsFromReadme();","            break;","        }","        // export local","        local.global.local = local;","    }());","","","","    // run shared js-env code - function","    (function () {","        return;","    }());","    switch (local.modeJs) {","","","","    // run browser js-env code - function","    case 'browser':","        break;","","","","    // run node js-env code - function","    case 'node':","        break;","    }","","","","    // run shared js-env code - post-init","    (function () {","        return;","    }());","    switch (local.modeJs) {","","","","    // run browser js-env code - post-init","    case 'browser':","        // run tests","        local.nop(local.modeTest &&","            document.querySelector('#testRunButton1') &&","            document.querySelector('#testRunButton1').click());","        break;","","","","    // run node js-env code - post-init","    /* istanbul ignore next */","    case 'node':","        local.testCase_buildApidoc_default = local.testCase_buildApidoc_default || function (","            options,","            onError","        ) {","        /*","         * this function will test buildApidoc's default handling-behavior-behavior","         */","            options = { modulePathList: module.paths };","            local.buildApidoc(options, onError);","        };","","        local.testCase_buildApp_default = local.testCase_buildApp_default || function (","            options,","            onError","        ) {","        /*","         * this function will test buildApp's default handling-behavior-behavior","         */","            local.testCase_buildReadme_default(options, local.onErrorThrow);","            local.testCase_buildLib_default(options, local.onErrorThrow);","            local.testCase_buildTest_default(options, local.onErrorThrow);","            local.testCase_buildCustomOrg_default(options, local.onErrorThrow);","            options = [];","            local.buildApp(options, onError);","        };","","        local.testCase_buildCustomOrg_default = local.testCase_buildCustomOrg_default ||","            function (options, onError) {","            /*","             * this function will test buildCustomOrg's default handling-behavior","             */","                options = {};","                local.buildCustomOrg(options, onError);","            };","","        local.testCase_buildLib_default = local.testCase_buildLib_default || function (","            options,","            onError","        ) {","        /*","         * this function will test buildLib's default handling-behavior","         */","            options = {};","            local.buildLib(options, onError);","        };","","        local.testCase_buildReadme_default = local.testCase_buildReadme_default || function (","            options,","            onError","        ) {","        /*","         * this function will test buildReadme's default handling-behavior-behavior","         */","            options = {};","            local.buildReadme(options, onError);","        };","","        local.testCase_buildTest_default = local.testCase_buildTest_default || function (","            options,","            onError","        ) {","        /*","         * this function will test buildTest's default handling-behavior","         */","            options = {};","            local.buildTest(options, onError);","        };","","        local.testCase_webpage_default = local.testCase_webpage_default || function (","            options,","            onError","        ) {","        /*","         * this function will test webpage's default handling-behavior","         */","            options = { modeCoverageMerge: true, url: local.serverLocalHost + '?modeTest=1' };","            local.browserTest(options, onError);","        };","","        // run test-server","        local.testRunServer(local);","        break;","    }","}());",""],"l":{"12":2,"14":2,"19":2,"21":2,"23":2,"24":2,"25":2,"30":1,"37":2,"40":2,"43":1,"47":1,"50":1,"52":1,"55":2,"61":2,"62":2,"64":2,"70":1,"76":1,"82":2,"83":2,"85":2,"92":1,"95":1,"102":1,"109":1,"110":1,"113":1,"120":1,"121":1,"122":1,"123":1,"124":1,"125":1,"128":1,"133":2,"134":2,"137":1,"144":2,"145":2,"148":1,"155":2,"156":2,"159":1,"166":2,"167":2,"170":1,"177":1,"178":1,"182":1,"183":1}},"/home/travis/build/npmtest/node-npmtest-ftp/lib.npmtest_ftp.js":{"path":"/home/travis/build/npmtest/node-npmtest-ftp/lib.npmtest_ftp.js","s":{"1":2,"2":2,"3":2,"4":2,"5":2,"6":2,"7":2,"8":1,"9":2,"10":2,"11":2,"12":2,"13":1,"14":1,"15":1,"16":1},"b":{"1":[2,1,1,1],"2":[1,1,1,1],"3":[1,1],"4":[2,2],"5":[1,1]},"f":{"1":2,"2":2,"3":2},"fnMap":{"1":{"name":"(anonymous_1)","line":12,"loc":{"start":{"line":12,"column":1},"end":{"line":12,"column":13}}},"2":{"name":"(anonymous_2)","line":19,"loc":{"start":{"line":19,"column":5},"end":{"line":19,"column":17}}},"3":{"name":"(anonymous_3)","line":23,"loc":{"start":{"line":23,"column":24},"end":{"line":23,"column":36}}}},"statementMap":{"1":{"start":{"line":12,"column":0},"end":{"line":53,"column":5}},"2":{"start":{"line":14,"column":4},"end":{"line":14,"column":14}},"3":{"start":{"line":19,"column":4},"end":{"line":52,"column":9}},"4":{"start":{"line":21,"column":8},"end":{"line":21,"column":19}},"5":{"start":{"line":23,"column":8},"end":{"line":35,"column":13}},"6":{"start":{"line":24,"column":12},"end":{"line":34,"column":13}},"7":{"start":{"line":25,"column":16},"end":{"line":28,"column":30}},"8":{"start":{"line":30,"column":16},"end":{"line":33,"column":27}},"9":{"start":{"line":37,"column":8},"end":{"line":39,"column":21}},"10":{"start":{"line":41,"column":8},"end":{"line":41,"column":54}},"11":{"start":{"line":43,"column":8},"end":{"line":43,"column":48}},"12":{"start":{"line":45,"column":8},"end":{"line":51,"column":9}},"13":{"start":{"line":46,"column":12},"end":{"line":46,"column":54}},"14":{"start":{"line":48,"column":12},"end":{"line":48,"column":35}},"15":{"start":{"line":49,"column":12},"end":{"line":49,"column":49}},"16":{"start":{"line":50,"column":12},"end":{"line":50,"column":43}}},"branchMap":{"1":{"line":25,"type":"binary-expr","locations":[{"start":{"line":25,"column":23},"end":{"line":25,"column":62}},{"start":{"line":26,"column":20},"end":{"line":26,"column":70}},{"start":{"line":27,"column":20},"end":{"line":27,"column":71}},{"start":{"line":28,"column":20},"end":{"line":28,"column":29}}]},"2":{"line":30,"type":"binary-expr","locations":[{"start":{"line":30,"column":23},"end":{"line":30,"column":37}},{"start":{"line":31,"column":20},"end":{"line":31,"column":61}},{"start":{"line":32,"column":20},"end":{"line":32,"column":70}},{"start":{"line":33,"column":20},"end":{"line":33,"column":26}}]},"3":{"line":37,"type":"cond-expr","locations":[{"start":{"line":38,"column":14},"end":{"line":38,"column":20}},{"start":{"line":39,"column":14},"end":{"line":39,"column":20}}]},"4":{"line":41,"type":"binary-expr","locations":[{"start":{"line":41,"column":16},"end":{"line":41,"column":44}},{"start":{"line":41,"column":48},"end":{"line":41,"column":53}}]},"5":{"line":45,"type":"if","locations":[{"start":{"line":45,"column":8},"end":{"line":45,"column":8}},{"start":{"line":45,"column":8},"end":{"line":45,"column":8}}]}},"code":["/* istanbul instrument in package npmtest_ftp */","/*jslint","    bitwise: true,","    browser: true,","    maxerr: 8,","    maxlen: 96,","    node: true,","    nomen: true,","    regexp: true,","    stupid: true","*/","(function () {","    'use strict';","    var local;","","","","    // run shared js-env code - pre-init","    (function () {","        // init local","        local = {};","        // init modeJs","        local.modeJs = (function () {","            try {","                return typeof navigator.userAgent === 'string' &&","                    typeof document.querySelector('body') === 'object' &&","                    typeof XMLHttpRequest.prototype.open === 'function' &&","                    'browser';","            } catch (errorCaughtBrowser) {","                return module.exports &&","                    typeof process.versions.node === 'string' &&","                    typeof require('http').createServer === 'function' &&","                    'node';","            }","        }());","        // init global","        local.global = local.modeJs === 'browser'","            ? window","            : global;","        // init utility2_rollup","        local = local.global.utility2_rollup || local;","        // init lib","        local.local = local.npmtest_ftp = local;","        // init exports","        if (local.modeJs === 'browser') {","            local.global.utility2_npmtest_ftp = local;","        } else {","            module.exports = local;","            module.exports.__dirname = __dirname;","            module.exports.module = module;","        }","    }());","}());",""],"l":{"12":2,"14":2,"19":2,"21":2,"23":2,"24":2,"25":2,"30":1,"37":2,"41":2,"43":2,"45":2,"46":1,"48":1,"49":1,"50":1}},"/home/travis/build/npmtest/node-npmtest-ftp/example.js":{"path":"/home/travis/build/npmtest/node-npmtest-ftp/example.js","s":{"1":2,"2":2,"3":2,"4":2,"5":2,"6":2,"7":2,"8":1,"9":2,"10":2,"11":2,"12":2,"13":1,"14":2,"15":2,"16":2,"17":2,"18":2,"19":0,"20":2,"21":1,"22":1,"23":1,"24":1,"25":1,"26":0,"27":0,"28":1,"29":1,"30":2,"31":0,"32":0,"33":0,"34":1,"35":2,"36":2,"37":2,"38":2,"39":2,"40":2,"41":0,"42":2,"43":2,"44":2,"45":1,"46":3,"47":1,"48":1,"49":1,"50":1,"51":1,"52":1,"53":1,"54":1,"55":1,"56":1,"57":0,"58":1,"59":6,"60":6,"61":1,"62":2,"63":0,"64":2,"65":1,"66":1,"67":0,"68":0,"69":0,"70":0,"71":0,"72":0,"73":0,"74":0,"75":0,"76":0,"77":0,"78":0,"79":0,"80":0,"81":0,"82":0,"83":0},"b":{"1":[2,1,1,1],"2":[1,1,1,1],"3":[1,1],"4":[2,2],"5":[1,1],"6":[1,1],"7":[2,0],"8":[2,1,1,1,1,1],"9":[0,2,0],"10":[1,1],"11":[2,1,1],"12":[1,0],"13":[0,2],"14":[2,0,0,0,0,0,0],"15":[0,2],"16":[2,0],"17":[1,1],"18":[0,1],"19":[1,2,0,2],"20":[1,0],"21":[1,1],"22":[0,0],"23":[0,0],"24":[0,0],"25":[0,0],"26":[0,0],"27":[0,0],"28":[0,0]},"f":{"1":2,"2":2,"3":2,"4":2,"5":2,"6":2,"7":2,"8":2,"9":3,"10":1,"11":6,"12":0},"fnMap":{"1":{"name":"(anonymous_1)","line":26,"loc":{"start":{"line":26,"column":1},"end":{"line":26,"column":13}}},"2":{"name":"(anonymous_2)","line":33,"loc":{"start":{"line":33,"column":5},"end":{"line":33,"column":17}}},"3":{"name":"(anonymous_3)","line":37,"loc":{"start":{"line":37,"column":24},"end":{"line":37,"column":36}}},"4":{"name":"(anonymous_4)","line":69,"loc":{"start":{"line":69,"column":31},"end":{"line":69,"column":48}},"skip":true},"5":{"name":"(anonymous_5)","line":78,"loc":{"start":{"line":78,"column":26},"end":{"line":78,"column":45}},"skip":true},"6":{"name":"(anonymous_6)","line":123,"loc":{"start":{"line":123,"column":33},"end":{"line":123,"column":48}},"skip":true},"7":{"name":"(anonymous_7)","line":125,"loc":{"start":{"line":125,"column":27},"end":{"line":125,"column":39}},"skip":true},"8":{"name":"(anonymous_8)","line":133,"loc":{"start":{"line":133,"column":59},"end":{"line":133,"column":74}},"skip":true},"9":{"name":"(anonymous_9)","line":143,"loc":{"start":{"line":143,"column":45},"end":{"line":143,"column":62}},"skip":true},"10":{"name":"(anonymous_10)","line":144,"loc":{"start":{"line":144,"column":73},"end":{"line":144,"column":92}},"skip":true},"11":{"name":"(anonymous_11)","line":272,"loc":{"start":{"line":272,"column":51},"end":{"line":272,"column":77}},"skip":true},"12":{"name":"(anonymous_12)","line":314,"loc":{"start":{"line":314,"column":32},"end":{"line":314,"column":61}},"skip":true}},"statementMap":{"1":{"start":{"line":26,"column":0},"end":{"line":325,"column":5}},"2":{"start":{"line":28,"column":4},"end":{"line":28,"column":14}},"3":{"start":{"line":33,"column":4},"end":{"line":60,"column":9}},"4":{"start":{"line":35,"column":8},"end":{"line":35,"column":19}},"5":{"start":{"line":37,"column":8},"end":{"line":49,"column":13}},"6":{"start":{"line":38,"column":12},"end":{"line":48,"column":13}},"7":{"start":{"line":39,"column":16},"end":{"line":42,"column":30}},"8":{"start":{"line":44,"column":16},"end":{"line":47,"column":27}},"9":{"start":{"line":51,"column":8},"end":{"line":53,"column":21}},"10":{"start":{"line":55,"column":8},"end":{"line":57,"column":45}},"11":{"start":{"line":59,"column":8},"end":{"line":59,"column":35}},"12":{"start":{"line":61,"column":4},"end":{"line":324,"column":5}},"13":{"start":{"line":69,"column":8},"end":{"line":121,"column":10},"skip":true},"14":{"start":{"line":70,"column":12},"end":{"line":88,"column":13},"skip":true},"15":{"start":{"line":76,"column":16},"end":{"line":87,"column":19},"skip":true},"16":{"start":{"line":79,"column":20},"end":{"line":86,"column":21},"skip":true},"17":{"start":{"line":82,"column":24},"end":{"line":82,"column":43},"skip":true},"18":{"start":{"line":83,"column":24},"end":{"line":83,"column":30},"skip":true},"19":{"start":{"line":85,"column":24},"end":{"line":85,"column":49},"skip":true},"20":{"start":{"line":89,"column":12},"end":{"line":107,"column":13},"skip":true},"21":{"start":{"line":92,"column":16},"end":{"line":102,"column":17},"skip":true},"22":{"start":{"line":93,"column":20},"end":{"line":93,"column":86},"skip":true},"23":{"start":{"line":94,"column":20},"end":{"line":95,"column":45},"skip":true},"24":{"start":{"line":96,"column":20},"end":{"line":96,"column":42},"skip":true},"25":{"start":{"line":97,"column":20},"end":{"line":97,"column":48},"skip":true},"26":{"start":{"line":100,"column":20},"end":{"line":100,"column":85},"skip":true},"27":{"start":{"line":101,"column":20},"end":{"line":101,"column":96},"skip":true},"28":{"start":{"line":103,"column":16},"end":{"line":103,"column":22},"skip":true},"29":{"start":{"line":106,"column":16},"end":{"line":106,"column":22},"skip":true},"30":{"start":{"line":108,"column":12},"end":{"line":120,"column":13},"skip":true},"31":{"start":{"line":114,"column":16},"end":{"line":119,"column":17},"skip":true},"32":{"start":{"line":116,"column":20},"end":{"line":116,"column":78},"skip":true},"33":{"start":{"line":118,"column":20},"end":{"line":118,"column":47},"skip":true},"34":{"start":{"line":123,"column":8},"end":{"line":141,"column":11},"skip":true},"35":{"start":{"line":124,"column":12},"end":{"line":124,"column":54},"skip":true},"36":{"start":{"line":125,"column":12},"end":{"line":140,"column":14},"skip":true},"37":{"start":{"line":126,"column":16},"end":{"line":126,"column":28},"skip":true},"38":{"start":{"line":127,"column":16},"end":{"line":127,"column":69},"skip":true},"39":{"start":{"line":128,"column":16},"end":{"line":128,"column":75},"skip":true},"40":{"start":{"line":129,"column":16},"end":{"line":131,"column":17},"skip":true},"41":{"start":{"line":130,"column":20},"end":{"line":130,"column":27},"skip":true},"42":{"start":{"line":133,"column":16},"end":{"line":137,"column":36},"skip":true},"43":{"start":{"line":134,"column":20},"end":{"line":136,"column":55},"skip":true},"44":{"start":{"line":139,"column":16},"end":{"line":139,"column":57},"skip":true},"45":{"start":{"line":143,"column":8},"end":{"line":147,"column":11},"skip":true},"46":{"start":{"line":144,"column":12},"end":{"line":146,"column":15},"skip":true},"47":{"start":{"line":145,"column":16},"end":{"line":145,"column":70},"skip":true},"48":{"start":{"line":149,"column":8},"end":{"line":149,"column":31},"skip":true},"49":{"start":{"line":150,"column":8},"end":{"line":150,"column":14},"skip":true},"50":{"start":{"line":158,"column":8},"end":{"line":158,"column":31},"skip":true},"51":{"start":{"line":160,"column":8},"end":{"line":160,"column":33},"skip":true},"52":{"start":{"line":161,"column":8},"end":{"line":161,"column":37},"skip":true},"53":{"start":{"line":162,"column":8},"end":{"line":162,"column":35},"skip":true},"54":{"start":{"line":164,"column":8},"end":{"line":164,"column":50},"skip":true},"55":{"start":{"line":166,"column":8},"end":{"line":256,"column":2},"skip":true},"56":{"start":{"line":258,"column":8},"end":{"line":286,"column":9},"skip":true},"57":{"start":{"line":259,"column":12},"end":{"line":269,"column":14},"skip":true},"58":{"start":{"line":271,"column":12},"end":{"line":285,"column":19},"skip":true},"59":{"start":{"line":274,"column":20},"end":{"line":274,"column":35},"skip":true},"60":{"start":{"line":275,"column":20},"end":{"line":284,"column":21},"skip":true},"61":{"start":{"line":277,"column":24},"end":{"line":277,"column":64},"skip":true},"62":{"start":{"line":279,"column":24},"end":{"line":279,"column":40},"skip":true},"63":{"start":{"line":281,"column":24},"end":{"line":281,"column":40},"skip":true},"64":{"start":{"line":283,"column":24},"end":{"line":283,"column":39},"skip":true},"65":{"start":{"line":288,"column":8},"end":{"line":290,"column":9},"skip":true},"66":{"start":{"line":289,"column":12},"end":{"line":289,"column":18},"skip":true},"67":{"start":{"line":291,"column":8},"end":{"line":293,"column":54},"skip":true},"68":{"start":{"line":294,"column":8},"end":{"line":301,"column":37},"skip":true},"69":{"start":{"line":302,"column":8},"end":{"line":302,"column":82},"skip":true},"70":{"start":{"line":305,"column":8},"end":{"line":307,"column":9},"skip":true},"71":{"start":{"line":306,"column":12},"end":{"line":306,"column":82},"skip":true},"72":{"start":{"line":309,"column":8},"end":{"line":311,"column":9},"skip":true},"73":{"start":{"line":310,"column":12},"end":{"line":310,"column":18},"skip":true},"74":{"start":{"line":312,"column":8},"end":{"line":312,"column":54},"skip":true},"75":{"start":{"line":313,"column":8},"end":{"line":313,"column":69},"skip":true},"76":{"start":{"line":314,"column":8},"end":{"line":322,"column":36},"skip":true},"77":{"start":{"line":315,"column":12},"end":{"line":315,"column":61},"skip":true},"78":{"start":{"line":316,"column":12},"end":{"line":319,"column":13},"skip":true},"79":{"start":{"line":317,"column":16},"end":{"line":317,"column":75},"skip":true},"80":{"start":{"line":318,"column":16},"end":{"line":318,"column":23},"skip":true},"81":{"start":{"line":320,"column":12},"end":{"line":320,"column":38},"skip":true},"82":{"start":{"line":321,"column":12},"end":{"line":321,"column":27},"skip":true},"83":{"start":{"line":323,"column":8},"end":{"line":323,"column":14},"skip":true}},"branchMap":{"1":{"line":39,"type":"binary-expr","locations":[{"start":{"line":39,"column":23},"end":{"line":39,"column":62}},{"start":{"line":40,"column":20},"end":{"line":40,"column":70}},{"start":{"line":41,"column":20},"end":{"line":41,"column":71}},{"start":{"line":42,"column":20},"end":{"line":42,"column":29}}]},"2":{"line":44,"type":"binary-expr","locations":[{"start":{"line":44,"column":23},"end":{"line":44,"column":37}},{"start":{"line":45,"column":20},"end":{"line":45,"column":61}},{"start":{"line":46,"column":20},"end":{"line":46,"column":70}},{"start":{"line":47,"column":20},"end":{"line":47,"column":26}}]},"3":{"line":51,"type":"cond-expr","locations":[{"start":{"line":52,"column":14},"end":{"line":52,"column":20}},{"start":{"line":53,"column":14},"end":{"line":53,"column":20}}]},"4":{"line":55,"type":"binary-expr","locations":[{"start":{"line":55,"column":16},"end":{"line":55,"column":44}},{"start":{"line":55,"column":49},"end":{"line":57,"column":43}}]},"5":{"line":55,"type":"cond-expr","locations":[{"start":{"line":56,"column":14},"end":{"line":56,"column":47}},{"start":{"line":57,"column":14},"end":{"line":57,"column":43}}]},"6":{"line":61,"type":"switch","locations":[{"start":{"line":68,"column":4},"end":{"line":150,"column":14},"skip":true},{"start":{"line":156,"column":4},"end":{"line":323,"column":14},"skip":true}]},"7":{"line":70,"type":"if","locations":[{"start":{"line":70,"column":12},"end":{"line":70,"column":12},"skip":true},{"start":{"line":70,"column":12},"end":{"line":70,"column":12},"skip":true}]},"8":{"line":70,"type":"binary-expr","locations":[{"start":{"line":70,"column":16},"end":{"line":70,"column":22},"skip":true},{"start":{"line":70,"column":27},"end":{"line":70,"column":32},"skip":true},{"start":{"line":71,"column":20},"end":{"line":71,"column":39},"skip":true},{"start":{"line":72,"column":20},"end":{"line":72,"column":49},"skip":true},{"start":{"line":73,"column":20},"end":{"line":73,"column":58},"skip":true},{"start":{"line":74,"column":20},"end":{"line":74,"column":69},"skip":true}]},"9":{"line":79,"type":"switch","locations":[{"start":{"line":80,"column":20},"end":{"line":80,"column":33},"skip":true},{"start":{"line":81,"column":20},"end":{"line":83,"column":30},"skip":true},{"start":{"line":84,"column":20},"end":{"line":85,"column":49},"skip":true}]},"10":{"line":89,"type":"switch","locations":[{"start":{"line":90,"column":12},"end":{"line":103,"column":22},"skip":true},{"start":{"line":105,"column":12},"end":{"line":106,"column":22},"skip":true}]},"11":{"line":89,"type":"binary-expr","locations":[{"start":{"line":89,"column":20},"end":{"line":89,"column":25},"skip":true},{"start":{"line":89,"column":29},"end":{"line":89,"column":48},"skip":true},{"start":{"line":89,"column":52},"end":{"line":89,"column":74},"skip":true}]},"12":{"line":92,"type":"if","locations":[{"start":{"line":92,"column":16},"end":{"line":92,"column":16},"skip":true},{"start":{"line":92,"column":16},"end":{"line":92,"column":16},"skip":true}]},"13":{"line":108,"type":"if","locations":[{"start":{"line":108,"column":12},"end":{"line":108,"column":12},"skip":true},{"start":{"line":108,"column":12},"end":{"line":108,"column":12},"skip":true}]},"14":{"line":108,"type":"binary-expr","locations":[{"start":{"line":108,"column":16},"end":{"line":108,"column":61},"skip":true},{"start":{"line":108,"column":66},"end":{"line":108,"column":72},"skip":true},{"start":{"line":108,"column":77},"end":{"line":108,"column":82},"skip":true},{"start":{"line":109,"column":20},"end":{"line":109,"column":39},"skip":true},{"start":{"line":110,"column":20},"end":{"line":110,"column":49},"skip":true},{"start":{"line":111,"column":20},"end":{"line":111,"column":58},"skip":true},{"start":{"line":112,"column":20},"end":{"line":112,"column":68},"skip":true}]},"15":{"line":129,"type":"if","locations":[{"start":{"line":129,"column":16},"end":{"line":129,"column":16},"skip":true},{"start":{"line":129,"column":16},"end":{"line":129,"column":16},"skip":true}]},"16":{"line":134,"type":"cond-expr","locations":[{"start":{"line":135,"column":26},"end":{"line":135,"column":29},"skip":true},{"start":{"line":136,"column":26},"end":{"line":136,"column":54},"skip":true}]},"17":{"line":164,"type":"binary-expr","locations":[{"start":{"line":164,"column":27},"end":{"line":164,"column":43},"skip":true},{"start":{"line":164,"column":47},"end":{"line":164,"column":49},"skip":true}]},"18":{"line":258,"type":"if","locations":[{"start":{"line":258,"column":8},"end":{"line":258,"column":8},"skip":true},{"start":{"line":258,"column":8},"end":{"line":258,"column":8},"skip":true}]},"19":{"line":275,"type":"switch","locations":[{"start":{"line":276,"column":20},"end":{"line":277,"column":64},"skip":true},{"start":{"line":278,"column":20},"end":{"line":279,"column":40},"skip":true},{"start":{"line":280,"column":20},"end":{"line":281,"column":40},"skip":true},{"start":{"line":282,"column":20},"end":{"line":283,"column":39},"skip":true}]},"20":{"line":288,"type":"if","locations":[{"start":{"line":288,"column":8},"end":{"line":288,"column":8},"skip":true},{"start":{"line":288,"column":8},"end":{"line":288,"column":8},"skip":true}]},"21":{"line":288,"type":"binary-expr","locations":[{"start":{"line":288,"column":12},"end":{"line":288,"column":40},"skip":true},{"start":{"line":288,"column":44},"end":{"line":288,"column":67},"skip":true}]},"22":{"line":292,"type":"binary-expr","locations":[{"start":{"line":292,"column":12},"end":{"line":292,"column":50},"skip":true},{"start":{"line":293,"column":12},"end":{"line":293,"column":53},"skip":true}]},"23":{"line":295,"type":"binary-expr","locations":[{"start":{"line":295,"column":12},"end":{"line":295,"column":61},"skip":true},{"start":{"line":296,"column":12},"end":{"line":301,"column":36},"skip":true}]},"24":{"line":302,"type":"binary-expr","locations":[{"start":{"line":302,"column":43},"end":{"line":302,"column":75},"skip":true},{"start":{"line":302,"column":79},"end":{"line":302,"column":81},"skip":true}]},"25":{"line":305,"type":"if","locations":[{"start":{"line":305,"column":8},"end":{"line":305,"column":8},"skip":true},{"start":{"line":305,"column":8},"end":{"line":305,"column":8},"skip":true}]},"26":{"line":309,"type":"if","locations":[{"start":{"line":309,"column":8},"end":{"line":309,"column":8},"skip":true},{"start":{"line":309,"column":8},"end":{"line":309,"column":8},"skip":true}]},"27":{"line":312,"type":"binary-expr","locations":[{"start":{"line":312,"column":27},"end":{"line":312,"column":43},"skip":true},{"start":{"line":312,"column":47},"end":{"line":312,"column":53},"skip":true}]},"28":{"line":316,"type":"if","locations":[{"start":{"line":316,"column":12},"end":{"line":316,"column":12},"skip":true},{"start":{"line":316,"column":12},"end":{"line":316,"column":12},"skip":true}]}},"code":["/*","example.js","","quickstart example","","instruction","    1. save this script as example.js","    2. run the shell command:","        $ npm install npmtest-ftp && PORT=8081 node example.js","    3. play with the browser-demo on http://127.0.0.1:8081","*/","","","","/* istanbul instrument in package npmtest_ftp */","/*jslint","    bitwise: true,","    browser: true,","    maxerr: 8,","    maxlen: 96,","    node: true,","    nomen: true,","    regexp: true,","    stupid: true","*/","(function () {","    'use strict';","    var local;","","","","    // run shared js-env code - pre-init","    (function () {","        // init local","        local = {};","        // init modeJs","        local.modeJs = (function () {","            try {","                return typeof navigator.userAgent === 'string' &&","                    typeof document.querySelector('body') === 'object' &&","                    typeof XMLHttpRequest.prototype.open === 'function' &&","                    'browser';","            } catch (errorCaughtBrowser) {","                return module.exports &&","                    typeof process.versions.node === 'string' &&","                    typeof require('http').createServer === 'function' &&","                    'node';","            }","        }());","        // init global","        local.global = local.modeJs === 'browser'","            ? window","            : global;","        // init utility2_rollup","        local = local.global.utility2_rollup || (local.modeJs === 'browser'","            ? local.global.utility2_npmtest_ftp","            : global.utility2_moduleExports);","        // export local","        local.global.local = local;","    }());","    switch (local.modeJs) {","","","","    // post-init","    // run browser js-env code - post-init","    /* istanbul ignore next */","    case 'browser':","        local.testRunBrowser = function (event) {","            if (!event || (event &&","                    event.currentTarget &&","                    event.currentTarget.className &&","                    event.currentTarget.className.includes &&","                    event.currentTarget.className.includes('onreset'))) {","                // reset output","                Array.from(","                    document.querySelectorAll('body > .resettable')","                ).forEach(function (element) {","                    switch (element.tagName) {","                    case 'INPUT':","                    case 'TEXTAREA':","                        element.value = '';","                        break;","                    default:","                        element.textContent = '';","                    }","                });","            }","            switch (event && event.currentTarget && event.currentTarget.id) {","            case 'testRunButton1':","                // show tests","                if (document.querySelector('#testReportDiv1').style.display === 'none') {","                    document.querySelector('#testReportDiv1').style.display = 'block';","                    document.querySelector('#testRunButton1').textContent =","                        'hide internal test';","                    local.modeTest = true;","                    local.testRunDefault(local);","                // hide tests","                } else {","                    document.querySelector('#testReportDiv1').style.display = 'none';","                    document.querySelector('#testRunButton1').textContent = 'run internal test';","                }","                break;","            // custom-case","            default:","                break;","            }","            if (document.querySelector('#inputTextareaEval1') && (!event || (event &&","                    event.currentTarget &&","                    event.currentTarget.className &&","                    event.currentTarget.className.includes &&","                    event.currentTarget.className.includes('oneval')))) {","                // try to eval input-code","                try {","                    /*jslint evil: true*/","                    eval(document.querySelector('#inputTextareaEval1').value);","                } catch (errorCaught) {","                    console.error(errorCaught);","                }","            }","        };","        // log stderr and stdout to #outputTextareaStdout1","        ['error', 'log'].forEach(function (key) {","            console[key + '_original'] = console[key];","            console[key] = function () {","                var element;","                console[key + '_original'].apply(console, arguments);","                element = document.querySelector('#outputTextareaStdout1');","                if (!element) {","                    return;","                }","                // append text to #outputTextareaStdout1","                element.value += Array.from(arguments).map(function (arg) {","                    return typeof arg === 'string'","                        ? arg","                        : JSON.stringify(arg, null, 4);","                }).join(' ') + '\\n';","                // scroll textarea to bottom","                element.scrollTop = element.scrollHeight;","            };","        });","        // init event-handling","        ['change', 'click', 'keyup'].forEach(function (event) {","            Array.from(document.querySelectorAll('.on' + event)).forEach(function (element) {","                element.addEventListener(event, local.testRunBrowser);","            });","        });","        // run tests","        local.testRunBrowser();","        break;","","","","    // run node js-env code - post-init","    /* istanbul ignore next */","    case 'node':","        // export local","        module.exports = local;","        // require modules","        local.fs = require('fs');","        local.http = require('http');","        local.url = require('url');","        // init assets","        local.assetsDict = local.assetsDict || {};","        /* jslint-ignore-begin */","        local.assetsDict['/assets.index.template.html'] = '\\","<!doctype html>\\n\\","<html lang=\"en\">\\n\\","<head>\\n\\","<meta charset=\"UTF-8\">\\n\\","<meta name=\"viewport\" content=\"width=device-width, initial-scale=1\">\\n\\","<title>{{env.npm_package_name}} (v{{env.npm_package_version}})</title>\\n\\","<style>\\n\\","/*csslint\\n\\","    box-sizing: false,\\n\\","    universal-selector: false\\n\\","*/\\n\\","* {\\n\\","    box-sizing: border-box;\\n\\","}\\n\\","body {\\n\\","    background: #dde;\\n\\","    font-family: Arial, Helvetica, sans-serif;\\n\\","    margin: 2rem;\\n\\","}\\n\\","body > * {\\n\\","    margin-bottom: 1rem;\\n\\","}\\n\\",".utility2FooterDiv {\\n\\","    margin-top: 20px;\\n\\","    text-align: center;\\n\\","}\\n\\","</style>\\n\\","<style>\\n\\","/*csslint\\n\\","*/\\n\\","textarea {\\n\\","    font-family: monospace;\\n\\","    height: 10rem;\\n\\","    width: 100%;\\n\\","}\\n\\","textarea[readonly] {\\n\\","    background: #ddd;\\n\\","}\\n\\","</style>\\n\\","</head>\\n\\","<body>\\n\\","<!-- utility2-comment\\n\\","<div id=\"ajaxProgressDiv1\" style=\"background: #d00; height: 2px; left: 0; margin: 0; padding: 0; position: fixed; top: 0; transition: background 0.5s, width 1.5s; width: 25%;\"></div>\\n\\","utility2-comment -->\\n\\","<h1>\\n\\","<!-- utility2-comment\\n\\","    <a\\n\\","        {{#if env.npm_package_homepage}}\\n\\","        href=\"{{env.npm_package_homepage}}\"\\n\\","        {{/if env.npm_package_homepage}}\\n\\","        target=\"_blank\"\\n\\","    >\\n\\","utility2-comment -->\\n\\","        {{env.npm_package_name}} (v{{env.npm_package_version}})\\n\\","<!-- utility2-comment\\n\\","    </a>\\n\\","utility2-comment -->\\n\\","</h1>\\n\\","<h3>{{env.npm_package_description}}</h3>\\n\\","<!-- utility2-comment\\n\\","<h4><a download href=\"assets.app.js\">download standalone app</a></h4>\\n\\","<button class=\"onclick onreset\" id=\"testRunButton1\">run internal test</button><br>\\n\\","<div id=\"testReportDiv1\" style=\"display: none;\"></div>\\n\\","utility2-comment -->\\n\\","\\n\\","\\n\\","\\n\\","<label>stderr and stdout</label>\\n\\","<textarea class=\"resettable\" id=\"outputTextareaStdout1\" readonly></textarea>\\n\\","<!-- utility2-comment\\n\\","{{#if isRollup}}\\n\\","<script src=\"assets.app.js\"></script>\\n\\","{{#unless isRollup}}\\n\\","utility2-comment -->\\n\\","<script src=\"assets.utility2.rollup.js\"></script>\\n\\","<script src=\"jsonp.utility2._stateInit?callback=window.utility2._stateInit\"></script>\\n\\","<script src=\"assets.npmtest_ftp.rollup.js\"></script>\\n\\","<script src=\"assets.example.js\"></script>\\n\\","<script src=\"assets.test.js\"></script>\\n\\","<!-- utility2-comment\\n\\","{{/if isRollup}}\\n\\","utility2-comment -->\\n\\","<div class=\"utility2FooterDiv\">\\n\\","    [ this app was created with\\n\\","    <a href=\"https://github.com/kaizhu256/node-utility2\" target=\"_blank\">utility2</a>\\n\\","    ]\\n\\","</div>\\n\\","</body>\\n\\","</html>\\n\\","';","        /* jslint-ignore-end */","        if (local.templateRender) {","            local.assetsDict['/'] = local.templateRender(","                local.assetsDict['/assets.index.template.html'],","                {","                    env: local.objectSetDefault(local.env, {","                        npm_package_description: 'the greatest app in the world!',","                        npm_package_name: 'my-app',","                        npm_package_nameAlias: 'my_app',","                        npm_package_version: '0.0.1'","                    })","                }","            );","        } else {","            local.assetsDict['/'] = local.assetsDict['/assets.index.template.html']","                .replace((/\\{\\{env\\.(\\w+?)\\}\\}/g), function (match0, match1) {","                    // jslint-hack","                    String(match0);","                    switch (match1) {","                    case 'npm_package_description':","                        return 'the greatest app in the world!';","                    case 'npm_package_name':","                        return 'my-app';","                    case 'npm_package_nameAlias':","                        return 'my_app';","                    case 'npm_package_version':","                        return '0.0.1';","                    }","                });","        }","        // run the cli","        if (local.global.utility2_rollup || module !== require.main) {","            break;","        }","        local.assetsDict['/assets.example.js'] =","            local.assetsDict['/assets.example.js'] ||","            local.fs.readFileSync(__filename, 'utf8');","        local.assetsDict['/assets.npmtest_ftp.rollup.js'] =","            local.assetsDict['/assets.npmtest_ftp.rollup.js'] ||","            local.fs.readFileSync(","                // buildCustomOrg-hack","                local.npmtest_ftp.__dirname +","                    '/lib.npmtest_ftp.js',","                'utf8'","            ).replace((/^#!/), '//');","        local.assetsDict['/favicon.ico'] = local.assetsDict['/favicon.ico'] || '';","        // if $npm_config_timeout_exit exists,","        // then exit this process after $npm_config_timeout_exit ms","        if (Number(process.env.npm_config_timeout_exit)) {","            setTimeout(process.exit, Number(process.env.npm_config_timeout_exit));","        }","        // start server","        if (local.global.utility2_serverHttp1) {","            break;","        }","        process.env.PORT = process.env.PORT || '8081';","        console.error('server starting on port ' + process.env.PORT);","        local.http.createServer(function (request, response) {","            request.urlParsed = local.url.parse(request.url);","            if (local.assetsDict[request.urlParsed.pathname] !== undefined) {","                response.end(local.assetsDict[request.urlParsed.pathname]);","                return;","            }","            response.statusCode = 404;","            response.end();","        }).listen(process.env.PORT);","        break;","    }","}());",""],"l":{"26":2,"28":2,"33":2,"35":2,"37":2,"38":2,"39":2,"44":1,"51":2,"55":2,"59":2,"61":2,"69":1,"70":2,"76":2,"79":2,"82":2,"83":2,"85":1,"89":2,"92":1,"93":1,"94":1,"96":1,"97":1,"100":1,"101":1,"103":1,"106":1,"108":2,"114":1,"116":1,"118":1,"123":1,"124":2,"125":2,"126":2,"127":2,"128":2,"129":2,"130":1,"133":2,"134":2,"139":2,"143":1,"144":3,"145":1,"149":1,"150":1,"158":1,"160":1,"161":1,"162":1,"164":1,"166":1,"258":1,"259":1,"271":1,"274":6,"275":6,"277":1,"279":2,"281":1,"283":2,"288":1,"289":1,"291":1,"294":1,"302":1,"305":1,"306":1,"309":1,"310":1,"312":1,"313":1,"314":1,"315":1,"316":1,"317":1,"318":1,"320":1,"321":1,"323":1}},"/home/travis/build/npmtest/node-npmtest-ftp/node_modules/ftp/lib/connection.js":{"path":"/home/travis/build/npmtest/node-npmtest-ftp/node_modules/ftp/lib/connection.js","s":{"1":1,"2":1,"3":1,"4":1,"5":1,"6":1,"7":0,"8":0,"9":0,"10":0,"11":0,"12":0,"13":0,"14":0,"15":0,"16":0,"17":0,"18":0,"19":0,"20":0,"21":1,"22":1,"23":0,"24":0,"25":0,"26":0,"27":0,"28":0,"29":0,"30":0,"31":0,"32":0,"33":0,"34":0,"35":0,"36":0,"37":0,"38":0,"39":0,"40":0,"41":0,"42":0,"43":0,"44":0,"45":0,"46":0,"47":0,"48":0,"49":0,"50":0,"51":0,"52":0,"53":0,"54":0,"55":0,"56":0,"57":0,"58":0,"59":0,"60":0,"61":0,"62":0,"63":0,"64":0,"65":0,"66":0,"67":0,"68":1,"69":0,"70":0,"71":0,"72":0,"73":0,"74":0,"75":0,"76":1,"77":0,"78":0,"79":0,"80":0,"81":0,"82":0,"83":0,"84":0,"85":0,"86":0,"87":0,"88":0,"89":1,"90":0,"91":0,"92":0,"93":0,"94":0,"95":0,"96":0,"97":0,"98":0,"99":0,"100":0,"101":0,"102":0,"103":0,"104":0,"105":0,"106":0,"107":0,"108":0,"109":0,"110":0,"111":0,"112":0,"113":0,"114":0,"115":0,"116":0,"117":0,"118":0,"119":0,"120":0,"121":0,"122":0,"123":0,"124":0,"125":0,"126":0,"127":0,"128":0,"129":0,"130":0,"131":0,"132":0,"133":0,"134":0,"135":0,"136":0,"137":0,"138":0,"139":0,"140":0,"141":0,"142":0,"143":0,"144":0,"145":0,"146":0,"147":0,"148":1,"149":0,"150":0,"151":0,"152":0,"153":1,"154":0,"155":0,"156":0,"157":0,"158":1,"159":0,"160":0,"161":0,"162":0,"163":0,"164":0,"165":1,"166":0,"167":0,"168":0,"169":0,"170":0,"171":0,"172":0,"173":0,"174":0,"175":1,"176":0,"177":0,"178":0,"179":1,"180":0,"181":1,"182":0,"183":1,"184":0,"185":1,"186":0,"187":0,"188":0,"189":0,"190":0,"191":0,"192":1,"193":0,"194":0,"195":0,"196":0,"197":0,"198":1,"199":0,"200":1,"201":0,"202":1,"203":0,"204":1,"205":0,"206":0,"207":0,"208":0,"209":0,"210":1,"211":0,"212":1,"213":0,"214":0,"215":0,"216":0,"217":0,"218":0,"219":0,"220":0,"221":0,"222":0,"223":0,"224":0,"225":0,"226":0,"227":0,"228":0,"229":1,"230":0,"231":0,"232":0,"233":0,"234":0,"235":0,"236":0,"237":0,"238":0,"239":0,"240":0,"241":0,"242":0,"243":0,"244":0,"245":0,"246":0,"247":0,"248":0,"249":0,"250":0,"251":0,"252":0,"253":0,"254":0,"255":0,"256":0,"257":0,"258":0,"259":0,"260":0,"261":0,"262":0,"263":1,"264":0,"265":0,"266":1,"267":0,"268":0,"269":0,"270":0,"271":0,"272":0,"273":0,"274":0,"275":0,"276":0,"277":0,"278":0,"279":0,"280":0,"281":0,"282":0,"283":0,"284":0,"285":0,"286":0,"287":0,"288":0,"289":0,"290":0,"291":1,"292":0,"293":0,"294":0,"295":0,"296":0,"297":0,"298":0,"299":0,"300":0,"301":0,"302":0,"303":0,"304":0,"305":0,"306":1,"307":0,"308":0,"309":0,"310":0,"311":0,"312":0,"313":0,"314":0,"315":0,"316":0,"317":0,"318":0,"319":0,"320":0,"321":0,"322":0,"323":0,"324":0,"325":0,"326":0,"327":0,"328":0,"329":0,"330":0,"331":0,"332":0,"333":0,"334":0,"335":0,"336":0,"337":0,"338":0,"339":0,"340":1,"341":0,"342":0,"343":0,"344":0,"345":0,"346":0,"347":0,"348":0,"349":0,"350":0,"351":0,"352":0,"353":1,"354":0,"355":0,"356":0,"357":0,"358":0,"359":0,"360":0,"361":0,"362":0,"363":0,"364":0,"365":0,"366":0,"367":0,"368":0,"369":0,"370":0,"371":1,"372":0,"373":1,"374":0,"375":1,"376":0,"377":0,"378":0,"379":0,"380":0,"381":0,"382":0,"383":0,"384":0,"385":0,"386":0,"387":0,"388":1,"389":0,"390":0,"391":0,"392":0,"393":0,"394":1,"395":0,"396":0,"397":0,"398":0,"399":0,"400":0,"401":0,"402":0,"403":0,"404":0,"405":0,"406":0,"407":0,"408":0,"409":0,"410":0,"411":0,"412":0,"413":0,"414":0,"415":0,"416":0,"417":0,"418":0,"419":0,"420":0,"421":0,"422":0,"423":0,"424":0,"425":0,"426":0,"427":0,"428":0,"429":0,"430":0,"431":0,"432":0,"433":0,"434":0,"435":1,"436":0,"437":0,"438":0,"439":0,"440":0,"441":0,"442":0,"443":0,"444":0,"445":0,"446":0,"447":0,"448":0,"449":0,"450":0,"451":0,"452":0,"453":0,"454":0,"455":0,"456":0,"457":0,"458":0,"459":0,"460":0,"461":0,"462":0,"463":0,"464":0,"465":0,"466":0,"467":1,"468":0,"469":0,"470":0,"471":0,"472":1,"473":0,"474":0,"475":0,"476":0,"477":0,"478":0,"479":0,"480":0,"481":0,"482":0,"483":0,"484":0,"485":1,"486":0,"487":0,"488":0,"489":0,"490":0,"491":0,"492":0,"493":0,"494":0,"495":0,"496":0,"497":0,"498":0,"499":0,"500":0,"501":0,"502":1,"503":0,"504":1,"505":0,"506":0,"507":0,"508":0,"509":0,"510":0,"511":0,"512":0,"513":0,"514":0,"515":0,"516":0,"517":0,"518":0,"519":0,"520":0,"521":0,"522":0,"523":0,"524":0,"525":0,"526":0,"527":0,"528":0,"529":0,"530":0,"531":0,"532":0,"533":0,"534":1,"535":0,"536":0,"537":0,"538":0,"539":0,"540":0,"541":0,"542":0,"543":0,"544":0,"545":0,"546":0,"547":0,"548":0,"549":0,"550":0,"551":1,"552":0,"553":0,"554":0,"555":0,"556":0,"557":0,"558":0,"559":0,"560":0,"561":0,"562":0,"563":0,"564":0,"565":1,"566":0,"567":0,"568":0,"569":0,"570":0,"571":0,"572":0,"573":0,"574":0,"575":0,"576":0,"577":0,"578":0,"579":0,"580":0,"581":0,"582":0,"583":0,"584":0,"585":0,"586":0,"587":0,"588":0,"589":0,"590":0,"591":1,"592":0,"593":0,"594":0,"595":0,"596":0,"597":0,"598":0,"599":0,"600":0,"601":0,"602":0,"603":0,"604":0,"605":0,"606":0,"607":0,"608":0,"609":0,"610":0,"611":0,"612":1,"613":0,"614":0,"615":0,"616":0,"617":0,"618":0,"619":0,"620":0,"621":0,"622":0,"623":0,"624":0,"625":0,"626":0,"627":1,"628":0,"629":0,"630":0,"631":0,"632":0,"633":0,"634":0,"635":0,"636":0,"637":0,"638":0,"639":0,"640":0,"641":0,"642":0,"643":0,"644":1,"645":0,"646":0,"647":0},"b":{"1":[0,0],"2":[0,0],"3":[0,0],"4":[0,0],"5":[0,0],"6":[0,0],"7":[0,0],"8":[0,0],"9":[0,0],"10":[0,0],"11":[0,0],"12":[0,0],"13":[0,0],"14":[0,0],"15":[0,0],"16":[0,0],"17":[0,0],"18":[0,0],"19":[0,0],"20":[0,0],"21":[0,0],"22":[0,0],"23":[0,0],"24":[0,0],"25":[0,0],"26":[0,0],"27":[0,0],"28":[0,0],"29":[0,0,0,0,0],"30":[0,0],"31":[0,0],"32":[0,0,0,0,0,0,0,0,0],"33":[0,0],"34":[0,0],"35":[0,0],"36":[0,0],"37":[0,0],"38":[0,0],"39":[0,0],"40":[0,0],"41":[0,0],"42":[0,0],"43":[0,0],"44":[0,0],"45":[0,0],"46":[0,0],"47":[0,0],"48":[0,0],"49":[0,0],"50":[0,0],"51":[0,0],"52":[0,0],"53":[0,0],"54":[0,0],"55":[0,0],"56":[0,0],"57":[0,0],"58":[0,0],"59":[0,0],"60":[0,0],"61":[0,0],"62":[0,0],"63":[0,0],"64":[0,0],"65":[0,0],"66":[0,0],"67":[0,0],"68":[0,0],"69":[0,0],"70":[0,0],"71":[0,0],"72":[0,0],"73":[0,0],"74":[0,0],"75":[0,0],"76":[0,0],"77":[0,0],"78":[0,0],"79":[0,0],"80":[0,0],"81":[0,0],"82":[0,0],"83":[0,0],"84":[0,0],"85":[0,0],"86":[0,0],"87":[0,0],"88":[0,0],"89":[0,0],"90":[0,0],"91":[0,0],"92":[0,0],"93":[0,0],"94":[0,0],"95":[0,0],"96":[0,0],"97":[0,0],"98":[0,0],"99":[0,0],"100":[0,0],"101":[0,0],"102":[0,0],"103":[0,0],"104":[0,0],"105":[0,0],"106":[0,0],"107":[0,0],"108":[0,0],"109":[0,0],"110":[0,0],"111":[0,0],"112":[0,0],"113":[0,0],"114":[0,0],"115":[0,0],"116":[0,0],"117":[0,0],"118":[0,0],"119":[0,0],"120":[0,0],"121":[0,0],"122":[0,0],"123":[0,0],"124":[0,0],"125":[0,0],"126":[0,0],"127":[0,0],"128":[0,0],"129":[0,0],"130":[0,0],"131":[0,0],"132":[0,0],"133":[0,0],"134":[0,0],"135":[0,0],"136":[0,0],"137":[0,0],"138":[0,0],"139":[0,0],"140":[0,0],"141":[0,0],"142":[0,0],"143":[0,0],"144":[0,0],"145":[0,0],"146":[0,0],"147":[0,0],"148":[0,0],"149":[0,0],"150":[0,0],"151":[0,0],"152":[0,0],"153":[0,0],"154":[0,0],"155":[0,0],"156":[0,0],"157":[0,0],"158":[0,0],"159":[0,0],"160":[0,0],"161":[0,0],"162":[0,0],"163":[0,0],"164":[0,0],"165":[0,0],"166":[0,0],"167":[0,0],"168":[0,0],"169":[0,0],"170":[0,0],"171":[0,0],"172":[0,0],"173":[0,0],"174":[0,0],"175":[0,0],"176":[0,0],"177":[0,0],"178":[0,0],"179":[0,0],"180":[0,0],"181":[0,0],"182":[0,0],"183":[0,0],"184":[0,0],"185":[0,0],"186":[0,0,0,0],"187":[0,0],"188":[0,0],"189":[0,0],"190":[0,0],"191":[0,0,0],"192":[0,0],"193":[0,0],"194":[0,0],"195":[0,0]},"f":{"1":0,"2":0,"3":0,"4":0,"5":0,"6":0,"7":0,"8":0,"9":0,"10":0,"11":0,"12":0,"13":0,"14":0,"15":0,"16":0,"17":0,"18":0,"19":0,"20":0,"21":0,"22":0,"23":0,"24":0,"25":0,"26":0,"27":0,"28":0,"29":0,"30":0,"31":0,"32":0,"33":0,"34":0,"35":0,"36":0,"37":0,"38":0,"39":0,"40":0,"41":0,"42":0,"43":0,"44":0,"45":0,"46":0,"47":0,"48":0,"49":0,"50":0,"51":0,"52":0,"53":0,"54":0,"55":0,"56":0,"57":0,"58":0,"59":0,"60":0,"61":0,"62":0,"63":0,"64":0,"65":0,"66":0,"67":0,"68":0,"69":0,"70":0,"71":0,"72":0,"73":0,"74":0,"75":0,"76":0,"77":0,"78":0,"79":0,"80":0,"81":0,"82":0,"83":0,"84":0,"85":0,"86":0,"87":0,"88":0,"89":0,"90":0,"91":0,"92":0,"93":0,"94":0,"95":0,"96":0,"97":0,"98":0,"99":0,"100":0},"fnMap":{"1":{"name":"(anonymous_1)","line":54,"loc":{"start":{"line":54,"column":27},"end":{"line":54,"column":38}}},"2":{"name":"(anonymous_2)","line":83,"loc":{"start":{"line":83,"column":24},"end":{"line":83,"column":42}}},"3":{"name":"(anonymous_3)","line":109,"loc":{"start":{"line":109,"column":30},"end":{"line":109,"column":51}}},"4":{"name":"(anonymous_4)","line":150,"loc":{"start":{"line":150,"column":12},"end":{"line":150,"column":23}}},"5":{"name":"donoop","line":156,"loc":{"start":{"line":156,"column":2},"end":{"line":156,"column":20}}},"6":{"name":"onconnect","line":167,"loc":{"start":{"line":167,"column":2},"end":{"line":167,"column":23}}},"7":{"name":"reentry","line":190,"loc":{"start":{"line":190,"column":4},"end":{"line":190,"column":38}}},"8":{"name":"ondata","line":270,"loc":{"start":{"line":270,"column":2},"end":{"line":270,"column":25}}},"9":{"name":"onerror","line":277,"loc":{"start":{"line":277,"column":2},"end":{"line":277,"column":24}}},"10":{"name":"onend","line":284,"loc":{"start":{"line":284,"column":2},"end":{"line":284,"column":19}}},"11":{"name":"(anonymous_11)","line":289,"loc":{"start":{"line":289,"column":23},"end":{"line":289,"column":41}}},"12":{"name":"ondone","line":295,"loc":{"start":{"line":295,"column":2},"end":{"line":295,"column":20}}},"13":{"name":"(anonymous_13)","line":303,"loc":{"start":{"line":303,"column":25},"end":{"line":303,"column":36}}},"14":{"name":"(anonymous_14)","line":312,"loc":{"start":{"line":312,"column":20},"end":{"line":312,"column":31}}},"15":{"name":"(anonymous_15)","line":319,"loc":{"start":{"line":319,"column":24},"end":{"line":319,"column":35}}},"16":{"name":"(anonymous_16)","line":324,"loc":{"start":{"line":324,"column":22},"end":{"line":324,"column":35}}},"17":{"name":"(anonymous_17)","line":328,"loc":{"start":{"line":328,"column":23},"end":{"line":328,"column":36}}},"18":{"name":"(anonymous_18)","line":332,"loc":{"start":{"line":332,"column":22},"end":{"line":332,"column":46}}},"19":{"name":"(anonymous_19)","line":343,"loc":{"start":{"line":343,"column":20},"end":{"line":343,"column":48}}},"20":{"name":"(anonymous_20)","line":344,"loc":{"start":{"line":344,"column":28},"end":{"line":344,"column":54}}},"21":{"name":"(anonymous_21)","line":352,"loc":{"start":{"line":352,"column":23},"end":{"line":352,"column":42}}},"22":{"name":"(anonymous_22)","line":356,"loc":{"start":{"line":356,"column":21},"end":{"line":356,"column":39}}},"23":{"name":"(anonymous_23)","line":360,"loc":{"start":{"line":360,"column":23},"end":{"line":360,"column":36}}},"24":{"name":"(anonymous_24)","line":364,"loc":{"start":{"line":364,"column":23},"end":{"line":364,"column":46}}},"25":{"name":"(anonymous_25)","line":366,"loc":{"start":{"line":366,"column":29},"end":{"line":366,"column":43}}},"26":{"name":"(anonymous_26)","line":374,"loc":{"start":{"line":374,"column":23},"end":{"line":374,"column":36}}},"27":{"name":"(anonymous_27)","line":378,"loc":{"start":{"line":378,"column":25},"end":{"line":378,"column":51}}},"28":{"name":"(anonymous_28)","line":382,"loc":{"start":{"line":382,"column":13},"end":{"line":382,"column":37}}},"29":{"name":"(anonymous_29)","line":385,"loc":{"start":{"line":385,"column":21},"end":{"line":385,"column":35}}},"30":{"name":"(anonymous_30)","line":388,"loc":{"start":{"line":388,"column":34},"end":{"line":388,"column":54}}},"31":{"name":"(anonymous_31)","line":391,"loc":{"start":{"line":391,"column":29},"end":{"line":391,"column":43}}},"32":{"name":"(anonymous_32)","line":402,"loc":{"start":{"line":402,"column":21},"end":{"line":402,"column":47}}},"33":{"name":"(anonymous_33)","line":425,"loc":{"start":{"line":425,"column":13},"end":{"line":425,"column":33}}},"34":{"name":"(anonymous_34)","line":441,"loc":{"start":{"line":441,"column":22},"end":{"line":441,"column":38}}},"35":{"name":"(anonymous_35)","line":442,"loc":{"start":{"line":442,"column":25},"end":{"line":442,"column":39}}},"36":{"name":"ondone","line":449,"loc":{"start":{"line":449,"column":4},"end":{"line":449,"column":22}}},"37":{"name":"final","line":453,"loc":{"start":{"line":453,"column":4},"end":{"line":453,"column":21}}},"38":{"name":"(anonymous_38)","line":472,"loc":{"start":{"line":472,"column":31},"end":{"line":472,"column":42}}},"39":{"name":"(anonymous_39)","line":481,"loc":{"start":{"line":481,"column":27},"end":{"line":481,"column":53}}},"40":{"name":"sendList","line":491,"loc":{"start":{"line":491,"column":4},"end":{"line":491,"column":24}}},"41":{"name":"(anonymous_41)","line":495,"loc":{"start":{"line":495,"column":22},"end":{"line":495,"column":48}}},"42":{"name":"(anonymous_42)","line":499,"loc":{"start":{"line":499,"column":33},"end":{"line":499,"column":44}}},"43":{"name":"(anonymous_43)","line":519,"loc":{"start":{"line":519,"column":20},"end":{"line":519,"column":46}}},"44":{"name":"(anonymous_44)","line":526,"loc":{"start":{"line":526,"column":13},"end":{"line":526,"column":33}}},"45":{"name":"(anonymous_45)","line":545,"loc":{"start":{"line":545,"column":18},"end":{"line":545,"column":37}}},"46":{"name":"(anonymous_46)","line":556,"loc":{"start":{"line":556,"column":18},"end":{"line":556,"column":37}}},"47":{"name":"ondone","line":571,"loc":{"start":{"line":571,"column":4},"end":{"line":571,"column":22}}},"48":{"name":"(anonymous_48)","line":573,"loc":{"start":{"line":573,"column":29},"end":{"line":573,"column":40}}},"49":{"name":"(anonymous_49)","line":583,"loc":{"start":{"line":583,"column":27},"end":{"line":583,"column":53}}},"50":{"name":"sendRetr","line":593,"loc":{"start":{"line":593,"column":4},"end":{"line":593,"column":24}}},"51":{"name":"(anonymous_51)","line":597,"loc":{"start":{"line":597,"column":33},"end":{"line":597,"column":59}}},"52":{"name":"(anonymous_52)","line":602,"loc":{"start":{"line":602,"column":35},"end":{"line":602,"column":46}}},"53":{"name":"(anonymous_53)","line":628,"loc":{"start":{"line":628,"column":20},"end":{"line":628,"column":53}}},"54":{"name":"(anonymous_54)","line":632,"loc":{"start":{"line":632,"column":23},"end":{"line":632,"column":56}}},"55":{"name":"(anonymous_55)","line":636,"loc":{"start":{"line":636,"column":20},"end":{"line":636,"column":33}}},"56":{"name":"(anonymous_56)","line":638,"loc":{"start":{"line":638,"column":20},"end":{"line":638,"column":46}}},"57":{"name":"(anonymous_57)","line":640,"loc":{"start":{"line":640,"column":27},"end":{"line":640,"column":49}}},"58":{"name":"(anonymous_58)","line":654,"loc":{"start":{"line":654,"column":21},"end":{"line":654,"column":34}}},"59":{"name":"(anonymous_59)","line":656,"loc":{"start":{"line":656,"column":21},"end":{"line":656,"column":47}}},"60":{"name":"(anonymous_60)","line":664,"loc":{"start":{"line":664,"column":22},"end":{"line":664,"column":52}}},"61":{"name":"(anonymous_61)","line":676,"loc":{"start":{"line":676,"column":18},"end":{"line":676,"column":29}}},"62":{"name":"(anonymous_62)","line":682,"loc":{"start":{"line":682,"column":37},"end":{"line":682,"column":63}}},"63":{"name":"(anonymous_63)","line":688,"loc":{"start":{"line":688,"column":44},"end":{"line":688,"column":55}}},"64":{"name":"(anonymous_64)","line":695,"loc":{"start":{"line":695,"column":37},"end":{"line":695,"column":63}}},"65":{"name":"(anonymous_65)","line":698,"loc":{"start":{"line":698,"column":44},"end":{"line":698,"column":55}}},"66":{"name":"(anonymous_66)","line":706,"loc":{"start":{"line":706,"column":13},"end":{"line":706,"column":32}}},"67":{"name":"(anonymous_67)","line":717,"loc":{"start":{"line":717,"column":28},"end":{"line":717,"column":42}}},"68":{"name":"(anonymous_68)","line":728,"loc":{"start":{"line":728,"column":22},"end":{"line":728,"column":52}}},"69":{"name":"(anonymous_69)","line":738,"loc":{"start":{"line":738,"column":18},"end":{"line":738,"column":38}}},"70":{"name":"(anonymous_70)","line":744,"loc":{"start":{"line":744,"column":22},"end":{"line":744,"column":36}}},"71":{"name":"(anonymous_71)","line":784,"loc":{"start":{"line":784,"column":23},"end":{"line":784,"column":36}}},"72":{"name":"(anonymous_72)","line":785,"loc":{"start":{"line":785,"column":21},"end":{"line":785,"column":41}}},"73":{"name":"(anonymous_73)","line":793,"loc":{"start":{"line":793,"column":21},"end":{"line":793,"column":40}}},"74":{"name":"(anonymous_74)","line":795,"loc":{"start":{"line":795,"column":29},"end":{"line":795,"column":55}}},"75":{"name":"(anonymous_75)","line":798,"loc":{"start":{"line":798,"column":29},"end":{"line":798,"column":49}}},"76":{"name":"(anonymous_76)","line":816,"loc":{"start":{"line":816,"column":24},"end":{"line":816,"column":43}}},"77":{"name":"(anonymous_77)","line":818,"loc":{"start":{"line":818,"column":29},"end":{"line":818,"column":55}}},"78":{"name":"(anonymous_78)","line":820,"loc":{"start":{"line":820,"column":29},"end":{"line":820,"column":49}}},"79":{"name":"(anonymous_79)","line":839,"loc":{"start":{"line":839,"column":24},"end":{"line":839,"column":45}}},"80":{"name":"(anonymous_80)","line":846,"loc":{"start":{"line":846,"column":22},"end":{"line":846,"column":35}}},"81":{"name":"reentry","line":848,"loc":{"start":{"line":848,"column":21},"end":{"line":848,"column":49}}},"82":{"name":"(anonymous_82)","line":869,"loc":{"start":{"line":869,"column":32},"end":{"line":869,"column":52}}},"83":{"name":"(anonymous_83)","line":880,"loc":{"start":{"line":880,"column":27},"end":{"line":880,"column":38}}},"84":{"name":"(anonymous_84)","line":893,"loc":{"start":{"line":893,"column":29},"end":{"line":893,"column":52}}},"85":{"name":"(anonymous_85)","line":898,"loc":{"start":{"line":898,"column":25},"end":{"line":898,"column":36}}},"86":{"name":"(anonymous_86)","line":906,"loc":{"start":{"line":906,"column":25},"end":{"line":906,"column":36}}},"87":{"name":"onerror","line":921,"loc":{"start":{"line":921,"column":2},"end":{"line":921,"column":24}}},"88":{"name":"(anonymous_88)","line":924,"loc":{"start":{"line":924,"column":21},"end":{"line":924,"column":32}}},"89":{"name":"(anonymous_89)","line":927,"loc":{"start":{"line":927,"column":23},"end":{"line":927,"column":41}}},"90":{"name":"(anonymous_90)","line":943,"loc":{"start":{"line":943,"column":23},"end":{"line":943,"column":55}}},"91":{"name":"(anonymous_91)","line":955,"loc":{"start":{"line":955,"column":13},"end":{"line":955,"column":33}}},"92":{"name":"(anonymous_92)","line":965,"loc":{"start":{"line":965,"column":23},"end":{"line":965,"column":37}}},"93":{"name":"(anonymous_93)","line":970,"loc":{"start":{"line":970,"column":27},"end":{"line":970,"column":53}}},"94":{"name":"sendStore","line":983,"loc":{"start":{"line":983,"column":4},"end":{"line":983,"column":25}}},"95":{"name":"(anonymous_95)","line":987,"loc":{"start":{"line":987,"column":22},"end":{"line":987,"column":48}}},"96":{"name":"(anonymous_96)","line":990,"loc":{"start":{"line":990,"column":33},"end":{"line":990,"column":44}}},"97":{"name":"(anonymous_97)","line":1003,"loc":{"start":{"line":1003,"column":27},"end":{"line":1003,"column":48}}},"98":{"name":"(anonymous_98)","line":1024,"loc":{"start":{"line":1024,"column":22},"end":{"line":1024,"column":49}}},"99":{"name":"(anonymous_99)","line":1043,"loc":{"start":{"line":1043,"column":23},"end":{"line":1043,"column":34}}},"100":{"name":"makeError","line":1066,"loc":{"start":{"line":1066,"column":0},"end":{"line":1066,"column":31}}}},"statementMap":{"1":{"start":{"line":1,"column":0},"end":{"line":7,"column":38}},"2":{"start":{"line":9,"column":0},"end":{"line":9,"column":33}},"3":{"start":{"line":10,"column":0},"end":{"line":10,"column":41}},"4":{"start":{"line":12,"column":0},"end":{"line":16,"column":32}},"5":{"start":{"line":18,"column":0},"end":{"line":52,"column":39}},"6":{"start":{"line":54,"column":0},"end":{"line":80,"column":2}},"7":{"start":{"line":55,"column":2},"end":{"line":56,"column":21}},"8":{"start":{"line":56,"column":4},"end":{"line":56,"column":21}},"9":{"start":{"line":58,"column":2},"end":{"line":58,"column":27}},"10":{"start":{"line":59,"column":2},"end":{"line":59,"column":29}},"11":{"start":{"line":60,"column":2},"end":{"line":60,"column":25}},"12":{"start":{"line":61,"column":2},"end":{"line":61,"column":27}},"13":{"start":{"line":62,"column":2},"end":{"line":62,"column":19}},"14":{"start":{"line":63,"column":2},"end":{"line":63,"column":29}},"15":{"start":{"line":64,"column":2},"end":{"line":64,"column":26}},"16":{"start":{"line":65,"column":2},"end":{"line":65,"column":30}},"17":{"start":{"line":66,"column":2},"end":{"line":66,"column":23}},"18":{"start":{"line":67,"column":2},"end":{"line":67,"column":27}},"19":{"start":{"line":68,"column":2},"end":{"line":78,"column":4}},"20":{"start":{"line":79,"column":2},"end":{"line":79,"column":25}},"21":{"start":{"line":81,"column":0},"end":{"line":81,"column":28}},"22":{"start":{"line":83,"column":0},"end":{"line":310,"column":2}},"23":{"start":{"line":84,"column":2},"end":{"line":84,"column":18}},"24":{"start":{"line":85,"column":2},"end":{"line":86,"column":17}},"25":{"start":{"line":86,"column":4},"end":{"line":86,"column":17}},"26":{"start":{"line":87,"column":2},"end":{"line":87,"column":25}},"27":{"start":{"line":88,"column":2},"end":{"line":88,"column":50}},"28":{"start":{"line":89,"column":2},"end":{"line":89,"column":41}},"29":{"start":{"line":90,"column":2},"end":{"line":90,"column":50}},"30":{"start":{"line":91,"column":2},"end":{"line":91,"column":59}},"31":{"start":{"line":92,"column":2},"end":{"line":92,"column":48}},"32":{"start":{"line":93,"column":2},"end":{"line":93,"column":53}},"33":{"start":{"line":94,"column":2},"end":{"line":94,"column":58}},"34":{"start":{"line":95,"column":2},"end":{"line":95,"column":58}},"35":{"start":{"line":96,"column":2},"end":{"line":96,"column":57}},"36":{"start":{"line":98,"column":2},"end":{"line":99,"column":32}},"37":{"start":{"line":99,"column":4},"end":{"line":99,"column":32}},"38":{"start":{"line":101,"column":2},"end":{"line":103,"column":28}},"39":{"start":{"line":105,"column":2},"end":{"line":105,"column":23}},"40":{"start":{"line":106,"column":2},"end":{"line":106,"column":28}},"41":{"start":{"line":108,"column":2},"end":{"line":108,"column":46}},"42":{"start":{"line":109,"column":2},"end":{"line":130,"column":5}},"43":{"start":{"line":110,"column":4},"end":{"line":110,"column":33}},"44":{"start":{"line":111,"column":4},"end":{"line":117,"column":45}},"45":{"start":{"line":112,"column":6},"end":{"line":115,"column":50}},"46":{"start":{"line":113,"column":8},"end":{"line":113,"column":64}},"47":{"start":{"line":115,"column":8},"end":{"line":115,"column":50}},"48":{"start":{"line":116,"column":11},"end":{"line":117,"column":45}},"49":{"start":{"line":117,"column":6},"end":{"line":117,"column":45}},"50":{"start":{"line":124,"column":4},"end":{"line":127,"column":5}},"51":{"start":{"line":125,"column":6},"end":{"line":125,"column":31}},"52":{"start":{"line":126,"column":6},"end":{"line":126,"column":19}},"53":{"start":{"line":129,"column":4},"end":{"line":129,"column":17}},"54":{"start":{"line":132,"column":2},"end":{"line":139,"column":3}},"55":{"start":{"line":133,"column":4},"end":{"line":133,"column":23}},"56":{"start":{"line":134,"column":4},"end":{"line":134,"column":43}},"57":{"start":{"line":135,"column":4},"end":{"line":136,"column":55}},"58":{"start":{"line":136,"column":6},"end":{"line":136,"column":55}},"59":{"start":{"line":137,"column":4},"end":{"line":137,"column":34}},"60":{"start":{"line":138,"column":4},"end":{"line":138,"column":47}},"61":{"start":{"line":141,"column":2},"end":{"line":146,"column":3}},"62":{"start":{"line":142,"column":4},"end":{"line":142,"column":57}},"63":{"start":{"line":144,"column":4},"end":{"line":144,"column":38}},"64":{"start":{"line":145,"column":4},"end":{"line":145,"column":26}},"65":{"start":{"line":148,"column":2},"end":{"line":154,"column":8}},"66":{"start":{"line":151,"column":10},"end":{"line":151,"column":40}},"67":{"start":{"line":152,"column":10},"end":{"line":152,"column":74}},"68":{"start":{"line":156,"column":2},"end":{"line":165,"column":3}},"69":{"start":{"line":157,"column":4},"end":{"line":164,"column":19}},"70":{"start":{"line":158,"column":6},"end":{"line":158,"column":36}},"71":{"start":{"line":159,"column":9},"end":{"line":164,"column":19}},"72":{"start":{"line":160,"column":6},"end":{"line":160,"column":29}},"73":{"start":{"line":161,"column":6},"end":{"line":161,"column":42}},"74":{"start":{"line":162,"column":6},"end":{"line":162,"column":36}},"75":{"start":{"line":164,"column":6},"end":{"line":164,"column":19}},"76":{"start":{"line":167,"column":2},"end":{"line":267,"column":3}},"77":{"start":{"line":168,"column":4},"end":{"line":168,"column":24}},"78":{"start":{"line":169,"column":4},"end":{"line":169,"column":34}},"79":{"start":{"line":170,"column":4},"end":{"line":170,"column":26}},"80":{"start":{"line":171,"column":4},"end":{"line":171,"column":26}},"81":{"start":{"line":173,"column":4},"end":{"line":173,"column":12}},"82":{"start":{"line":175,"column":4},"end":{"line":188,"column":5}},"83":{"start":{"line":176,"column":6},"end":{"line":182,"column":7}},"84":{"start":{"line":177,"column":8},"end":{"line":177,"column":21}},"85":{"start":{"line":178,"column":8},"end":{"line":178,"column":44}},"86":{"start":{"line":180,"column":8},"end":{"line":180,"column":21}},"87":{"start":{"line":181,"column":8},"end":{"line":181,"column":63}},"88":{"start":{"line":184,"column":6},"end":{"line":187,"column":8}},"89":{"start":{"line":190,"column":4},"end":{"line":266,"column":5}},"90":{"start":{"line":191,"column":6},"end":{"line":194,"column":7}},"91":{"start":{"line":192,"column":8},"end":{"line":192,"column":32}},"92":{"start":{"line":193,"column":8},"end":{"line":193,"column":50}},"93":{"start":{"line":195,"column":6},"end":{"line":201,"column":7}},"94":{"start":{"line":199,"column":8},"end":{"line":199,"column":78}},"95":{"start":{"line":200,"column":8},"end":{"line":200,"column":50}},"96":{"start":{"line":203,"column":6},"end":{"line":265,"column":7}},"97":{"start":{"line":206,"column":8},"end":{"line":206,"column":36}},"98":{"start":{"line":208,"column":8},"end":{"line":214,"column":9}},"99":{"start":{"line":209,"column":10},"end":{"line":209,"column":27}},"100":{"start":{"line":210,"column":10},"end":{"line":210,"column":41}},"101":{"start":{"line":212,"column":10},"end":{"line":212,"column":23}},"102":{"start":{"line":213,"column":10},"end":{"line":213,"column":65}},"103":{"start":{"line":215,"column":13},"end":{"line":265,"column":7}},"104":{"start":{"line":216,"column":8},"end":{"line":228,"column":9}},"105":{"start":{"line":218,"column":10},"end":{"line":221,"column":11}},"106":{"start":{"line":219,"column":12},"end":{"line":219,"column":69}},"107":{"start":{"line":220,"column":12},"end":{"line":220,"column":54}},"108":{"start":{"line":222,"column":10},"end":{"line":222,"column":23}},"109":{"start":{"line":223,"column":10},"end":{"line":223,"column":69}},"110":{"start":{"line":226,"column":10},"end":{"line":226,"column":23}},"111":{"start":{"line":227,"column":10},"end":{"line":227,"column":41}},"112":{"start":{"line":229,"column":13},"end":{"line":265,"column":7}},"113":{"start":{"line":230,"column":8},"end":{"line":230,"column":21}},"114":{"start":{"line":231,"column":8},"end":{"line":231,"column":39}},"115":{"start":{"line":232,"column":13},"end":{"line":265,"column":7}},"116":{"start":{"line":233,"column":8},"end":{"line":234,"column":46}},"117":{"start":{"line":234,"column":10},"end":{"line":234,"column":46}},"118":{"start":{"line":235,"column":8},"end":{"line":235,"column":21}},"119":{"start":{"line":236,"column":8},"end":{"line":236,"column":44}},"120":{"start":{"line":237,"column":13},"end":{"line":265,"column":7}},"121":{"start":{"line":238,"column":8},"end":{"line":238,"column":27}},"122":{"start":{"line":239,"column":11},"end":{"line":265,"column":7}},"123":{"start":{"line":240,"column":8},"end":{"line":240,"column":21}},"124":{"start":{"line":241,"column":8},"end":{"line":241,"column":44}},"125":{"start":{"line":242,"column":13},"end":{"line":265,"column":7}},"126":{"start":{"line":243,"column":8},"end":{"line":243,"column":21}},"127":{"start":{"line":244,"column":8},"end":{"line":244,"column":63}},"128":{"start":{"line":245,"column":13},"end":{"line":265,"column":7}},"129":{"start":{"line":246,"column":8},"end":{"line":252,"column":42}},"130":{"start":{"line":247,"column":10},"end":{"line":247,"column":27}},"131":{"start":{"line":248,"column":10},"end":{"line":248,"column":48}},"132":{"start":{"line":249,"column":15},"end":{"line":252,"column":42}},"133":{"start":{"line":250,"column":10},"end":{"line":250,"column":42}},"134":{"start":{"line":251,"column":13},"end":{"line":252,"column":42}},"135":{"start":{"line":252,"column":10},"end":{"line":252,"column":42}},"136":{"start":{"line":253,"column":8},"end":{"line":253,"column":42}},"137":{"start":{"line":254,"column":8},"end":{"line":254,"column":43}},"138":{"start":{"line":255,"column":8},"end":{"line":255,"column":31}},"139":{"start":{"line":256,"column":8},"end":{"line":256,"column":28}},"140":{"start":{"line":258,"column":8},"end":{"line":258,"column":44}},"141":{"start":{"line":259,"column":8},"end":{"line":259,"column":42}},"142":{"start":{"line":260,"column":8},"end":{"line":260,"column":55}},"143":{"start":{"line":261,"column":8},"end":{"line":261,"column":37}},"144":{"start":{"line":262,"column":8},"end":{"line":262,"column":34}},"145":{"start":{"line":263,"column":8},"end":{"line":263,"column":34}},"146":{"start":{"line":264,"column":8},"end":{"line":264,"column":36}},"147":{"start":{"line":269,"column":2},"end":{"line":269,"column":28}},"148":{"start":{"line":270,"column":2},"end":{"line":274,"column":3}},"149":{"start":{"line":271,"column":4},"end":{"line":271,"column":72}},"150":{"start":{"line":272,"column":4},"end":{"line":273,"column":32}},"151":{"start":{"line":273,"column":6},"end":{"line":273,"column":32}},"152":{"start":{"line":276,"column":2},"end":{"line":276,"column":30}},"153":{"start":{"line":277,"column":2},"end":{"line":281,"column":3}},"154":{"start":{"line":278,"column":4},"end":{"line":278,"column":24}},"155":{"start":{"line":279,"column":4},"end":{"line":279,"column":34}},"156":{"start":{"line":280,"column":4},"end":{"line":280,"column":28}},"157":{"start":{"line":283,"column":2},"end":{"line":283,"column":28}},"158":{"start":{"line":284,"column":2},"end":{"line":287,"column":3}},"159":{"start":{"line":285,"column":4},"end":{"line":285,"column":13}},"160":{"start":{"line":286,"column":4},"end":{"line":286,"column":21}},"161":{"start":{"line":289,"column":2},"end":{"line":292,"column":5}},"162":{"start":{"line":290,"column":4},"end":{"line":290,"column":13}},"163":{"start":{"line":291,"column":4},"end":{"line":291,"column":32}},"164":{"start":{"line":294,"column":2},"end":{"line":294,"col
[...]
n":31}},"8":{"start":{"line":23,"column":2},"end":{"line":23,"column":28}},"9":{"start":{"line":25,"column":2},"end":{"line":25,"column":20}},"10":{"start":{"line":26,"column":2},"end":{"line":26,"column":30}},"11":{"start":{"line":28,"column":0},"end":{"line":28,"column":33}},"12":{"start":{"line":30,"column":0},"end":{"line":63,"column":2}},"13":{"start":{"line":31,"column":2},"end":{"line":31,"column":60}},"14":{"start":{"line":33,"column":2},"end":{"line":33,"column":43}},"15":{"start":{"line":35,"column":2},"end":{"line":60,"column":3}},"16":{"start":{"line":37,"column":4},"end":{"line":37,"column":57}},"17":{"start":{"line":38,"column":4},"end":{"line":39,"column":70}},"18":{"start":{"line":39,"column":6},"end":{"line":39,"column":70}},"19":{"start":{"line":41,"column":4},"end":{"line":41,"column":56}},"20":{"start":{"line":44,"column":4},"end":{"line":44,"column":30}},"21":{"start":{"line":51,"column":4},"end":{"line":51,"column":33}},"22":{"start":{"line":52,"column":4},"end":{"line":52,"column":25}},"23":{"start":{"line":53,"column":4},"end":{"line":53,"column":32}},"24":{"start":{"line":54,"column":4},"end":{"line":54,"column":49}},"25":{"start":{"line":55,"column":4},"end":{"line":55,"column":63}},"26":{"start":{"line":56,"column":4},"end":{"line":56,"column":24}},"27":{"start":{"line":58,"column":4},"end":{"line":58,"column":82}},"28":{"start":{"line":59,"column":4},"end":{"line":59,"column":38}},"29":{"start":{"line":62,"column":2},"end":{"line":62,"column":7}},"30":{"start":{"line":65,"column":0},"end":{"line":75,"column":2}},"31":{"start":{"line":66,"column":2},"end":{"line":66,"column":33}},"32":{"start":{"line":67,"column":2},"end":{"line":67,"column":16}},"33":{"start":{"line":68,"column":2},"end":{"line":68,"column":14}},"34":{"start":{"line":70,"column":2},"end":{"line":71,"column":31}},"35":{"start":{"line":71,"column":4},"end":{"line":71,"column":31}},"36":{"start":{"line":74,"column":2},"end":{"line":74,"column":15}},"37":{"start":{"line":77,"column":0},"end":{"line":214,"column":2}},"38":{"start":{"line":78,"column":2},"end":{"line":81,"column":17}},"39":{"start":{"line":83,"column":2},"end":{"line":210,"column":15}},"40":{"start":{"line":84,"column":4},"end":{"line":99,"column":6}},"41":{"start":{"line":102,"column":4},"end":{"line":102,"column":46}},"42":{"start":{"line":103,"column":4},"end":{"line":109,"column":5}},"43":{"start":{"line":104,"column":6},"end":{"line":104,"column":63}},"44":{"start":{"line":105,"column":6},"end":{"line":105,"column":25}},"45":{"start":{"line":106,"column":11},"end":{"line":109,"column":5}},"46":{"start":{"line":107,"column":6},"end":{"line":107,"column":57}},"47":{"start":{"line":108,"column":6},"end":{"line":108,"column":25}},"48":{"start":{"line":111,"column":4},"end":{"line":175,"column":5}},"49":{"start":{"line":112,"column":6},"end":{"line":112,"column":61}},"50":{"start":{"line":113,"column":6},"end":{"line":113,"column":36}},"51":{"start":{"line":114,"column":6},"end":{"line":114,"column":40}},"52":{"start":{"line":115,"column":6},"end":{"line":115,"column":36}},"53":{"start":{"line":116,"column":6},"end":{"line":116,"column":38}},"54":{"start":{"line":117,"column":6},"end":{"line":118,"column":28}},"55":{"start":{"line":118,"column":8},"end":{"line":118,"column":28}},"56":{"start":{"line":119,"column":6},"end":{"line":120,"column":24}},"57":{"start":{"line":120,"column":8},"end":{"line":120,"column":24}},"58":{"start":{"line":121,"column":6},"end":{"line":122,"column":26}},"59":{"start":{"line":122,"column":8},"end":{"line":122,"column":26}},"60":{"start":{"line":123,"column":6},"end":{"line":124,"column":26}},"61":{"start":{"line":124,"column":8},"end":{"line":124,"column":26}},"62":{"start":{"line":125,"column":6},"end":{"line":129,"column":35}},"63":{"start":{"line":142,"column":6},"end":{"line":148,"column":7}},"64":{"start":{"line":143,"column":8},"end":{"line":147,"column":37}},"65":{"start":{"line":159,"column":6},"end":{"line":165,"column":7}},"66":{"start":{"line":160,"column":8},"end":{"line":164,"column":37}},"67":{"start":{"line":166,"column":11},"end":{"line":175,"column":5}},"68":{"start":{"line":167,"column":6},"end":{"line":167,"column":61}},"69":{"start":{"line":168,"column":6},"end":{"line":168,"column":36}},"70":{"start":{"line":169,"column":6},"end":{"line":169,"column":36}},"71":{"start":{"line":170,"column":6},"end":{"line":171,"column":28}},"72":{"start":{"line":171,"column":8},"end":{"line":171,"column":28}},"73":{"start":{"line":172,"column":6},"end":{"line":173,"column":24}},"74":{"start":{"line":173,"column":8},"end":{"line":173,"column":24}},"75":{"start":{"line":174,"column":6},"end":{"line":174,"column":59}},"76":{"start":{"line":176,"column":4},"end":{"line":181,"column":27}},"77":{"start":{"line":177,"column":6},"end":{"line":177,"column":41}},"78":{"start":{"line":178,"column":6},"end":{"line":178,"column":45}},"79":{"start":{"line":179,"column":6},"end":{"line":179,"column":46}},"80":{"start":{"line":181,"column":6},"end":{"line":181,"column":27}},"81":{"start":{"line":182,"column":4},"end":{"line":182,"column":15}},"82":{"start":{"line":183,"column":9},"end":{"line":210,"column":15}},"83":{"start":{"line":184,"column":4},"end":{"line":189,"column":6}},"84":{"start":{"line":190,"column":4},"end":{"line":194,"column":36}},"85":{"start":{"line":196,"column":4},"end":{"line":199,"column":19}},"86":{"start":{"line":197,"column":6},"end":{"line":197,"column":19}},"87":{"start":{"line":199,"column":6},"end":{"line":199,"column":19}},"88":{"start":{"line":201,"column":4},"end":{"line":204,"column":15}},"89":{"start":{"line":202,"column":6},"end":{"line":202,"column":17}},"90":{"start":{"line":203,"column":9},"end":{"line":204,"column":15}},"91":{"start":{"line":204,"column":6},"end":{"line":204,"column":15}},"92":{"start":{"line":206,"column":4},"end":{"line":206,"column":59}},"93":{"start":{"line":208,"column":4},"end":{"line":208,"column":15}},"94":{"start":{"line":209,"column":9},"end":{"line":210,"column":15}},"95":{"start":{"line":210,"column":4},"end":{"line":210,"column":15}},"96":{"start":{"line":213,"column":2},"end":{"line":213,"column":13}},"97":{"start":{"line":216,"column":0},"end":{"line":216,"column":24}}},"branchMap":{"1":{"line":1,"type":"binary-expr","locations":[{"start":{"line":1,"column":21},"end":{"line":1,"column":47}},{"start":{"line":2,"column":24},"end":{"line":2,"column":59}}]},"2":{"line":21,"type":"if","locations":[{"start":{"line":21,"column":2},"end":{"line":21,"column":2}},{"start":{"line":21,"column":2},"end":{"line":21,"column":2}}]},"3":{"line":38,"type":"if","locations":[{"start":{"line":38,"column":4},"end":{"line":38,"column":4}},{"start":{"line":38,"column":4},"end":{"line":38,"column":4}}]},"4":{"line":41,"type":"binary-expr","locations":[{"start":{"line":41,"column":4},"end":{"line":41,"column":9}},{"start":{"line":41,"column":11},"end":{"line":41,"column":55}}]},"5":{"line":58,"type":"binary-expr","locations":[{"start":{"line":58,"column":4},"end":{"line":58,"column":9}},{"start":{"line":58,"column":11},"end":{"line":58,"column":81}}]},"6":{"line":83,"type":"if","locations":[{"start":{"line":83,"column":2},"end":{"line":83,"column":2}},{"start":{"line":83,"column":2},"end":{"line":83,"column":2}}]},"7":{"line":103,"type":"if","locations":[{"start":{"line":103,"column":4},"end":{"line":103,"column":4}},{"start":{"line":103,"column":4},"end":{"line":103,"column":4}}]},"8":{"line":106,"type":"if","locations":[{"start":{"line":106,"column":11},"end":{"line":106,"column":11}},{"start":{"line":106,"column":11},"end":{"line":106,"column":11}}]},"9":{"line":111,"type":"if","locations":[{"start":{"line":111,"column":4},"end":{"line":111,"column":4}},{"start":{"line":111,"column":4},"end":{"line":111,"column":4}}]},"10":{"line":117,"type":"if","locations":[{"start":{"line":117,"column":6},"end":{"line":117,"column":6}},{"start":{"line":117,"column":6},"end":{"line":117,"column":6}}]},"11":{"line":119,"type":"if","locations":[{"start":{"line":119,"column":6},"end":{"line":119,"column":6}},{"start":{"line":119,"column":6},"end":{"line":119,"column":6}}]},"12":{"line":121,"type":"if","locations":[{"start":{"line":121,"column":6},"end":{"line":121,"column":6}},{"start":{"line":121,"column":6},"end":{"line":121,"column":6}}]},"13":{"line":123,"type":"if","locations":[{"start":{"line":123,"column":6},"end":{"line":123,"column":6}},{"start":{"line":123,"column":6},"end":{"line":123,"column":6}}]},"14":{"line":142,"type":"if","locations":[{"start":{"line":142,"column":6},"end":{"line":142,"column":6}},{"start":{"line":142,"column":6},"end":{"line":142,"column":6}}]},"15":{"line":159,"type":"if","locations":[{"start":{"line":159,"column":6},"end":{"line":159,"column":6}},{"start":{"line":159,"column":6},"end":{"line":159,"column":6}}]},"16":{"line":166,"type":"if","locations":[{"start":{"line":166,"column":11},"end":{"line":166,"column":11}},{"start":{"line":166,"column":11},"end":{"line":166,"column":11}}]},"17":{"line":170,"type":"if","locations":[{"start":{"line":170,"column":6},"end":{"line":170,"column":6}},{"start":{"line":170,"column":6},"end":{"line":170,"column":6}}]},"18":{"line":172,"type":"if","locations":[{"start":{"line":172,"column":6},"end":{"line":172,"column":6}},{"start":{"line":172,"column":6},"end":{"line":172,"column":6}}]},"19":{"line":176,"type":"if","locations":[{"start":{"line":176,"column":4},"end":{"line":176,"column":4}},{"start":{"line":176,"column":4},"end":{"line":176,"column":4}}]},"20":{"line":183,"type":"if","locations":[{"start":{"line":183,"column":9},"end":{"line":183,"column":9}},{"start":{"line":183,"column":9},"end":{"line":183,"column":9}}]},"21":{"line":186,"type":"cond-expr","locations":[{"start":{"line":186,"column":25},"end":{"line":186,"column":28}},{"start":{"line":186,"column":31},"end":{"line":186,"column":34}}]},"22":{"line":187,"type":"cond-expr","locations":[{"start":{"line":187,"column":25},"end":{"line":187,"column":26}},{"start":{"line":187,"column":29},"end":{"line":187,"column":51}}]},"23":{"line":196,"type":"if","locations":[{"start":{"line":196,"column":4},"end":{"line":196,"column":4}},{"start":{"line":196,"column":4},"end":{"line":196,"column":4}}]},"24":{"line":201,"type":"if","locations":[{"start":{"line":201,"column":4},"end":{"line":201,"column":4}},{"start":{"line":201,"column":4},"end":{"line":201,"column":4}}]},"25":{"line":201,"type":"binary-expr","locations":[{"start":{"line":201,"column":8},"end":{"line":201,"column":41}},{"start":{"line":201,"column":45},"end":{"line":201,"column":54}}]},"26":{"line":203,"type":"if","locations":[{"start":{"line":203,"column":9},"end":{"line":203,"column":9}},{"start":{"line":203,"column":9},"end":{"line":203,"column":9}}]},"27":{"line":203,"type":"binary-expr","locations":[{"start":{"line":203,"column":13},"end":{"line":203,"column":46}},{"start":{"line":203,"column":50},"end":{"line":203,"column":61}}]},"28":{"line":209,"type":"if","locations":[{"start":{"line":209,"column":9},"end":{"line":209,"column":9}},{"start":{"line":209,"column":9},"end":{"line":209,"column":9}}]}},"code":["var WritableStream = require('stream').Writable","                     || require('readable-stream').Writable,","    inherits = require('util').inherits,","    inspect = require('util').inspect;","","var XRegExp = require('xregexp').XRegExp;","","var REX_LISTUNIX = XRegExp.cache('^(?<type>[\\\\-ld])(?<permission>([\\\\-r][\\\\-w][\\\\-xstT]){3})(?<acl>(\\\\+))?\\\\s+(?<inodes>\\\\d+)\\\\s+(?<owner>\\\\S+)\\\\s+(?<group>\\\\S+)\\\\s+(?<size>\\\\d+)\\\\s+(?<timestamp>((?<month1>\\\\w{3})\\\\s+(?<date1>\\\\d{1,2})\\\\s+(?<hour>\\\\d{1,2}):(?<minute>\\\\d{2}))|((?<month2>\\\\w{3})\\\\s+(?<date2>\\\\d{1,2})\\\\s+(?<year>\\\\d{4})))\\\\s+(?<name>.+)$'),","    REX_LISTMSDOS = XRegExp.cache('^(?<month>\\\\d{2})(?:\\\\-|\\\\/)(?<date>\\\\d{2})(?:\\\\-|\\\\/)(?<year>\\\\d{2,4})\\\\s+(?<hour>\\\\d{2}):(?<minute>\\\\d{2})\\\\s{0,1}(?<ampm>[AaMmPp]{1,2})\\\\s+(?:(?<size>\\\\d+)|(?<isdir>\\\\<DIR\\\\>))\\\\s+(?<name>.+)$'),","    RE_ENTRY_TOTAL = /^total/,","    RE_RES_END = /(?:^|\\r?\\n)(\\d{3}) [^\\r\\n]*\\r?\\n/,","    RE_EOL = /\\r?\\n/g,","    RE_DASH = /\\-/g;","","var MONTHS = {","      jan: 1, feb: 2, mar: 3, apr: 4, may: 5, jun: 6,","      jul: 7, aug: 8, sep: 9, oct: 10, nov: 11, dec: 12","    };","","function Parser(options) {","  if (!(this instanceof Parser))","    return new Parser(options);","  WritableStream.call(this);","","  this._buffer = '';","  this._debug = options.debug;","}","inherits(Parser, WritableStream);","","Parser.prototype._write = function(chunk, encoding, cb) {","  var m, code, reRmLeadCode, rest = '', debug = this._debug;","","  this._buffer += chunk.toString('binary');","","  while (m = RE_RES_END.exec(this._buffer)) {","    // support multiple terminating responses in the buffer","    rest = this._buffer.substring(m.index + m[0].length);","    if (rest.length)","      this._buffer = this._buffer.substring(0, m.index + m[0].length);","","    debug&&debug('[parser] < ' + inspect(this._buffer));","","    // we have a terminating response line","    code = parseInt(m[1], 10);","","    // RFC 959 does not require each line in a multi-line response to begin","    // with '<code>-', but many servers will do this.","    //","    // remove this leading '<code>-' (or '<code> ' from last line) from each","    // line in the response ...","    reRmLeadCode = '(^|\\\\r?\\\\n)';","    reRmLeadCode += m[1];","    reRmLeadCode += '(?: |\\\\-)';","    reRmLeadCode = new RegExp(reRmLeadCode, 'g');","    var text = this._buffer.replace(reRmLeadCode, '$1').trim();","    this._buffer = rest;","","    debug&&debug('[parser] Response: code=' + code + ', buffer=' + inspect(text));","    this.emit('response', code, text);","  }","","  cb();","};","","Parser.parseFeat = function(text) {","  var lines = text.split(RE_EOL);","  lines.shift(); // initial response line","  lines.pop(); // final response line","","  for (var i = 0, len = lines.length; i < len; ++i)","    lines[i] = lines[i].trim();","","  // just return the raw lines for now","  return lines;","};","","Parser.parseListEntry = function(line) {","  var ret,","      info,","      month, day, year,","      hour, mins;","","  if (ret = XRegExp.exec(line, REX_LISTUNIX)) {","    info = {","      type: ret.type,","      name: undefined,","      target: undefined,","      sticky: false,","      rights: {","        user: ret.permission.substr(0, 3).replace(RE_DASH, ''),","        group: ret.permission.substr(3, 3).replace(RE_DASH, ''),","        other: ret.permission.substr(6, 3).replace(RE_DASH, '')","      },","      acl: (ret.acl === '+'),","      owner: ret.owner,","      group: ret.group,","      size: parseInt(ret.size, 10),","      date: undefined","    };","","    // check for sticky bit","    var lastbit = info.rights.other.slice(-1);","    if (lastbit === 't') {","      info.rights.other = info.rights.other.slice(0, -1) + 'x';","      info.sticky = true;","    } else if (lastbit === 'T') {","      info.rights.other = info.rights.other.slice(0, -1);","      info.sticky = true;","    }","","    if (ret.month1 !== undefined) {","      month = parseInt(MONTHS[ret.month1.toLowerCase()], 10);","      day = parseInt(ret.date1, 10);","      year = (new Date()).getFullYear();","      hour = parseInt(ret.hour, 10);","      mins = parseInt(ret.minute, 10);","      if (month < 10)","        month = '0' + month;","      if (day < 10)","        day = '0' + day;","      if (hour < 10)","        hour = '0' + hour;","      if (mins < 10)","        mins = '0' + mins;","      info.date = new Date(year + '-'","                           + month + '-'","                           + day + 'T'","                           + hour + ':'","                           + mins);","      // If the date is in the past but no more than 6 months old, year","      // isn't displayed and doesn't have to be the current year.","      // ","      // If the date is in the future (less than an hour from now), year","      // isn't displayed and doesn't have to be the current year.","      // That second case is much more rare than the first and less annoying.","      // It's impossible to fix without knowing about the server's timezone,","      // so we just don't do anything about it.","      // ","      // If we're here with a time that is more than 28 hours into the","      // future (1 hour + maximum timezone offset which is 27 hours),","      // there is a problem -- we should be in the second conditional block","      if (info.date.getTime() - Date.now() > 100800000) {","        info.date = new Date((year - 1) + '-'","                             + month + '-'","                             + day + 'T'","                             + hour + ':'","                             + mins);","      }","","      // If we're here with a time that is more than 6 months old, there's","      // a problem as well.","      // Maybe local & remote servers aren't on the same timezone (with remote","      // ahead of local)","      // For instance, remote is in 2014 while local is still in 2013. In","      // this case, a date like 01/01/13 02:23 could be detected instead of","      // 01/01/14 02:23 ","      // Our trigger point will be 3600*24*31*6 (since we already use 31","      // as an upper bound, no need to add the 27 hours timezone offset)","      if (Date.now() - info.date.getTime() > 16070400000) {","        info.date = new Date((year + 1) + '-'","                             + month + '-'","                             + day + 'T'","                             + hour + ':'","                             + mins);","      }","    } else if (ret.month2 !== undefined) {","      month = parseInt(MONTHS[ret.month2.toLowerCase()], 10);","      day = parseInt(ret.date2, 10);","      year = parseInt(ret.year, 10);","      if (month < 10)","        month = '0' + month;","      if (day < 10)","        day = '0' + day;","      info.date = new Date(year + '-' + month + '-' + day);","    }","    if (ret.type === 'l') {","      var pos = ret.name.indexOf(' -> ');","      info.name = ret.name.substring(0, pos);","      info.target = ret.name.substring(pos+4);","    } else","      info.name = ret.name;","    ret = info;","  } else if (ret = XRegExp.exec(line, REX_LISTMSDOS)) {","    info = {","      name: ret.name,","      type: (ret.isdir ? 'd' : '-'),","      size: (ret.isdir ? 0 : parseInt(ret.size, 10)),","      date: undefined,","    };","    month = parseInt(ret.month, 10),","    day = parseInt(ret.date, 10),","    year = parseInt(ret.year, 10),","    hour = parseInt(ret.hour, 10),","    mins = parseInt(ret.minute, 10);","","    if (year < 70)","      year += 2000;","    else","      year += 1900;","","    if (ret.ampm[0].toLowerCase() === 'p' && hour < 12)","      hour += 12;","    else if (ret.ampm[0].toLowerCase() === 'a' && hour === 12)","      hour = 0;","","    info.date = new Date(year, month - 1, day, hour, mins);","","    ret = info;","  } else if (!RE_ENTRY_TOTAL.test(line))","    ret = line; // could not parse, so at least give the end user a chance to","                // look at the raw listing themselves","","  return ret;","};","","module.exports = Parser;",""],"l":{"1":1,"6":1,"8":1,"15":1,"20":1,"21":0,"22":0,"23":0,"25":0,"26":0,"28":1,"30":1,"31":0,"33":0,"35":0,"37":0,"38":0,"39":0,"41":0,"44":0,"51":0,"52":0,"53":0,"54":0,"55":0,"56":0,"58":0,"59":0,"62":0,"65":1,"66":0,"67":0,"68":0,"70":0,"71":0,"74":0,"77":1,"78":0,"83":0,"84":0,"102":0,"103":0,"104":0,"105":0,"106":0,"107":0,"108":0,"111":0,"112":0,"113":0,"114":0,"115":0,"116":0,"117":0,"118":0,"119":0,"120":0,"121":0,"122":0,"123":0,"124":0,"125":0,"142":0,"143":0,"159":0,"160":0,"166":0,"167":0,"168":0,"169":0,"170":0,"171":0,"172":0,"173":0,"174":0,"176":0,"177":0,"178":0,"179":0,"181":0,"182":0,"183":0,"184":0,"190":0,"196":0,"197":0,"199":0,"201":0,"202":0,"203":0,"204":0,"206":0,"208":0,"209":0,"210":0,"213":0,"216":1}}}